#
# There is insufficient memory for the Java Runtime Environment to continue.
# Native memory allocation (malloc) failed to allocate 32744 bytes for ChunkPool::allocate
# Possible reasons:
#   The system is out of physical RAM or swap space
#   The process is running with CompressedOops enabled, and the Java Heap may be blocking the growth of the native heap
# Possible solutions:
#   Reduce memory load on the system
#   Increase physical memory or swap space
#   Check if swap backing store is full
#   Decrease Java heap size (-Xmx/-Xms)
#   Decrease number of Java threads
#   Decrease Java thread stack sizes (-Xss)
#   Set larger code cache with -XX:ReservedCodeCacheSize=
#   JVM is running with Unscaled Compressed Oops mode in which the Java heap is
#     placed in the first 4GB address space. The Java Heap base address is the
#     maximum limit for the native heap growth. Please use -XX:HeapBaseMinAddress
#     to set the Java Heap base and to place the Java Heap above 4GB virtual address.
# This output file may be truncated or incomplete.
#
#  Out of Memory Error (./src/hotspot/share/memory/arena.cpp:81), pid=13440, tid=9596
#
# JRE version: OpenJDK Runtime Environment (11.0.12+7) (build 11.0.12+7-b1504.28-7817840)
# Java VM: OpenJDK 64-Bit Server VM (11.0.12+7-b1504.28-7817840, mixed mode, tiered, compressed oops, g1 gc, windows-amd64)
# No core dump will be written. Minidumps are not enabled by default on client versions of Windows
#

---------------  S U M M A R Y ------------

Command Line: --add-opens=java.base/java.util=ALL-UNNAMED --add-opens=java.base/java.lang=ALL-UNNAMED --add-opens=java.base/java.lang.invoke=ALL-UNNAMED --add-opens=java.base/java.util=ALL-UNNAMED --add-opens=java.prefs/java.util.prefs=ALL-UNNAMED --add-opens=java.prefs/java.util.prefs=ALL-UNNAMED --add-opens=java.base/java.nio.charset=ALL-UNNAMED --add-opens=java.base/java.net=ALL-UNNAMED --add-opens=java.base/java.util.concurrent.atomic=ALL-UNNAMED -Xmx1536M -Dfile.encoding=windows-1252 -Duser.country=GB -Duser.language=en -Duser.variant org.gradle.launcher.daemon.bootstrap.GradleDaemon 7.5

Host: AMD Ryzen 3 2200U with Radeon Vega Mobile Gfx  , 4 cores, 7G,  Windows 10 , 64 bit Build 19041 (10.0.19041.1)
Time: Wed Aug 16 09:49:49 2023 GMT Daylight Time elapsed time: 84.524274 seconds (0d 0h 1m 24s)

---------------  T H R E A D  ---------------

Current thread (0x000002557f851000):  JavaThread "C1 CompilerThread0" daemon [_thread_in_native, id=9596, stack(0x000000f551d00000,0x000000f551e00000)]


Current CompileTask:
C1:  84524 14147       3       org.gradle.internal.logging.console.StyledTextOutputBackedRenderer::onOutput (260 bytes)

Stack: [0x000000f551d00000,0x000000f551e00000]
Native frames: (J=compiled Java code, j=interpreted, Vv=VM code, C=native code)
V  [jvm.dll+0x5fbcea]
V  [jvm.dll+0x731905]
V  [jvm.dll+0x732f1d]
V  [jvm.dll+0x7335d3]
V  [jvm.dll+0x247bf8]
V  [jvm.dll+0xc041b]
V  [jvm.dll+0xc06cc]
V  [jvm.dll+0x16a623]
V  [jvm.dll+0x16a6f0]
V  [jvm.dll+0x16c94d]
V  [jvm.dll+0x16e8b4]
V  [jvm.dll+0x128a5c]
V  [jvm.dll+0x128569]
V  [jvm.dll+0x1286d3]
V  [jvm.dll+0x1279e7]
V  [jvm.dll+0x1295b7]
V  [jvm.dll+0x20e0d7]
V  [jvm.dll+0x20c901]
V  [jvm.dll+0x6f9b7f]
V  [jvm.dll+0x6f26a5]
V  [jvm.dll+0x5fabf6]
C  [ucrtbase.dll+0x21542]
C  [KERNEL32.DLL+0x16fd4]
C  [ntdll.dll+0x4cf31]


---------------  P R O C E S S  ---------------

Threads class SMR info:
_java_thread_list=0x000002551e5207c0, length=89, elements={
0x0000025575fee000, 0x000002557f82b800, 0x000002557f82c800, 0x000002557f849800,
0x000002557f84a000, 0x000002557f84b000, 0x000002557f84e000, 0x000002557f851000,
0x000002557f888800, 0x000002557fb4d000, 0x0000025512e49000, 0x0000025512d89800,
0x0000025512b6d800, 0x0000025511dd7000, 0x0000025512fc6800, 0x0000025512a41000,
0x000002551259f000, 0x0000025511dd2000, 0x0000025511de6000, 0x000002557fdba800,
0x000002557fdbe800, 0x000002557fdc0000, 0x000002557fdbc800, 0x000002557fdc1000,
0x000002557fdbb000, 0x000002557fdbc000, 0x000002557fdbd800, 0x000002557fdbf000,
0x0000025513461800, 0x000002551345e000, 0x0000025513460800, 0x000002551345f000,
0x0000025513460000, 0x0000025513462800, 0x000002551345c800, 0x0000025513467000,
0x0000025513465800, 0x0000025513468000, 0x0000025513464800, 0x0000025513466800,
0x0000025513464000, 0x0000025513463000, 0x0000025513469000, 0x0000025513469800,
0x000002551346a800, 0x0000025512291000, 0x000002551228c000, 0x0000025512292000,
0x0000025512290000, 0x0000025512292800, 0x000002551228d000, 0x000002551228f800,
0x0000025512293800, 0x000002551228d800, 0x000002551228e800, 0x0000025512297800,
0x0000025512298800, 0x0000025512296800, 0x000002551229a000, 0x0000025512294000,
0x0000025512296000, 0x0000025512299000, 0x000002551229b000, 0x0000025512295000,
0x0000025515a3d800, 0x0000025515a38800, 0x0000025515a3b800, 0x0000025515a3a000,
0x0000025515a3f000, 0x0000025515a39000, 0x0000025515a3f800, 0x0000025515a3e000,
0x0000025515a3b000, 0x0000025515a42000, 0x0000025515a40800, 0x0000025515a41800,
0x0000025515a3c800, 0x0000025515a47000, 0x0000025515a43000, 0x0000025515a44000,
0x0000025515a44800, 0x000002551b182000, 0x000002551b184800, 0x000002551b183800,
0x000002551b183000, 0x000002551b181000, 0x000002551b188800, 0x000002551b187800,
0x000002551b18a000
}

Java Threads: ( => current thread )
  0x0000025575fee000 JavaThread "main" [_thread_blocked, id=13588, stack(0x000000f550f00000,0x000000f551000000)]
  0x000002557f82b800 JavaThread "Reference Handler" daemon [_thread_blocked, id=3316, stack(0x000000f551700000,0x000000f551800000)]
  0x000002557f82c800 JavaThread "Finalizer" daemon [_thread_blocked, id=3864, stack(0x000000f551800000,0x000000f551900000)]
  0x000002557f849800 JavaThread "Signal Dispatcher" daemon [_thread_blocked, id=12904, stack(0x000000f551900000,0x000000f551a00000)]
  0x000002557f84a000 JavaThread "Attach Listener" daemon [_thread_blocked, id=14272, stack(0x000000f551a00000,0x000000f551b00000)]
  0x000002557f84b000 JavaThread "Service Thread" daemon [_thread_blocked, id=13000, stack(0x000000f551b00000,0x000000f551c00000)]
  0x000002557f84e000 JavaThread "C2 CompilerThread0" daemon [_thread_in_native, id=7692, stack(0x000000f551c00000,0x000000f551d00000)]
=>0x000002557f851000 JavaThread "C1 CompilerThread0" daemon [_thread_in_native, id=9596, stack(0x000000f551d00000,0x000000f551e00000)]
  0x000002557f888800 JavaThread "Sweeper thread" daemon [_thread_blocked, id=6808, stack(0x000000f551e00000,0x000000f551f00000)]
  0x000002557fb4d000 JavaThread "Common-Cleaner" daemon [_thread_blocked, id=7828, stack(0x000000f551f00000,0x000000f552000000)]
  0x0000025512e49000 JavaThread "Daemon health stats" [_thread_blocked, id=14332, stack(0x000000f552100000,0x000000f552200000)]
  0x0000025512d89800 JavaThread "Incoming local TCP Connector on port 64365" [_thread_in_native, id=13760, stack(0x000000f552500000,0x000000f552600000)]
  0x0000025512b6d800 JavaThread "Daemon periodic checks" [_thread_blocked, id=13096, stack(0x000000f552600000,0x000000f552700000)]
  0x0000025511dd7000 JavaThread "Daemon" [_thread_blocked, id=1036, stack(0x000000f552700000,0x000000f552800000)]
  0x0000025512fc6800 JavaThread "Handler for socket connection from /127.0.0.1:64365 to /127.0.0.1:64366" [_thread_in_native, id=7408, stack(0x000000f552800000,0x000000f552900000)]
  0x0000025512a41000 JavaThread "Cancel handler" [_thread_blocked, id=1500, stack(0x000000f552900000,0x000000f552a00000)]
  0x000002551259f000 JavaThread "Daemon worker" [_thread_blocked, id=2596, stack(0x000000f552a00000,0x000000f552b00000)]
  0x0000025511dd2000 JavaThread "Asynchronous log dispatcher for DefaultDaemonConnection: socket connection from /127.0.0.1:64365 to /127.0.0.1:64366" [_thread_blocked, id=4008, stack(0x000000f552b00000,0x000000f552c00000)]
  0x0000025511de6000 JavaThread "Stdin handler" [_thread_blocked, id=7188, stack(0x000000f552c00000,0x000000f552d00000)]
  0x000002557fdba800 JavaThread "Daemon client event forwarder" [_thread_blocked, id=632, stack(0x000000f552d00000,0x000000f552e00000)]
  0x000002557fdbe800 JavaThread "Cache worker for journal cache (C:\Users\user\.gradle\caches\journal-1)" [_thread_blocked, id=3184, stack(0x000000f552e00000,0x000000f552f00000)]
  0x000002557fdc0000 JavaThread "File lock request listener" [_thread_in_native, id=5372, stack(0x000000f552f00000,0x000000f553000000)]
  0x000002557fdbc800 JavaThread "Cache worker for file hash cache (C:\Users\user\.gradle\caches\7.5\fileHashes)" [_thread_blocked, id=4960, stack(0x000000f553000000,0x000000f553100000)]
  0x000002557fdc1000 JavaThread "File watcher server" daemon [_thread_in_native, id=2660, stack(0x000000f553100000,0x000000f553200000)]
  0x000002557fdbb000 JavaThread "File watcher consumer" daemon [_thread_blocked, id=932, stack(0x000000f553200000,0x000000f553300000)]
  0x000002557fdbc000 JavaThread "Cache worker for checksums cache (C:\Users\user\Desktop\mapme2\android\.gradle\7.5\checksums)" [_thread_blocked, id=3236, stack(0x000000f553300000,0x000000f553400000)]
  0x000002557fdbd800 JavaThread "Cache worker for cache directory md-rule (C:\Users\user\.gradle\caches\7.5\md-rule)" [_thread_blocked, id=12804, stack(0x000000f553400000,0x000000f553500000)]
  0x000002557fdbf000 JavaThread "Cache worker for file content cache (C:\Users\user\.gradle\caches\7.5\fileContent)" [_thread_blocked, id=13896, stack(0x000000f553500000,0x000000f553600000)]
  0x0000025513461800 JavaThread "Cache worker for file hash cache (C:\Users\user\Desktop\mapme2\android\.gradle\7.5\fileHashes)" [_thread_blocked, id=2852, stack(0x000000f553600000,0x000000f553700000)]
  0x000002551345e000 JavaThread "Cache worker for cache directory md-supplier (C:\Users\user\.gradle\caches\7.5\md-supplier)" [_thread_blocked, id=7672, stack(0x000000f553700000,0x000000f553800000)]
  0x0000025513460800 JavaThread "Cache worker for execution history cache (C:\Users\user\.gradle\caches\7.5\executionHistory)" [_thread_blocked, id=4480, stack(0x000000f553800000,0x000000f553900000)]
  0x000002551345f000 JavaThread "jar transforms" [_thread_blocked, id=9872, stack(0x000000f553a00000,0x000000f553b00000)]
  0x0000025513460000 JavaThread "jar transforms Thread 2" [_thread_blocked, id=14008, stack(0x000000f553b00000,0x000000f553c00000)]
  0x0000025513462800 JavaThread "jar transforms Thread 3" [_thread_blocked, id=5572, stack(0x000000f553900000,0x000000f553a00000)]
  0x000002551345c800 JavaThread "jar transforms Thread 4" [_thread_blocked, id=4616, stack(0x000000f553c00000,0x000000f553d00000)]
  0x0000025513467000 JavaThread "Cache worker for dependencies-accessors (C:\Users\user\Desktop\mapme2\android\.gradle\7.5\dependencies-accessors)" [_thread_blocked, id=12292, stack(0x000000f553e00000,0x000000f553f00000)]
  0x0000025513465800 JavaThread "Cache worker for Build Output Cleanup Cache (C:\Users\user\Desktop\mapme2\android\.gradle\buildOutputCleanup)" [_thread_blocked, id=11460, stack(0x000000f553f00000,0x000000f554000000)]
  0x0000025513468000 JavaThread "Unconstrained build operations" [_thread_blocked, id=8404, stack(0x000000f553d00000,0x000000f553e00000)]
  0x0000025513464800 JavaThread "Unconstrained build operations Thread 2" [_thread_blocked, id=12780, stack(0x000000f554000000,0x000000f554100000)]
  0x0000025513466800 JavaThread "Unconstrained build operations Thread 3" [_thread_blocked, id=2972, stack(0x000000f554100000,0x000000f554200000)]
  0x0000025513464000 JavaThread "Unconstrained build operations Thread 4" [_thread_blocked, id=5368, stack(0x000000f554200000,0x000000f554300000)]
  0x0000025513463000 JavaThread "Unconstrained build operations Thread 5" [_thread_blocked, id=12720, stack(0x000000f554300000,0x000000f554400000)]
  0x0000025513469000 JavaThread "Unconstrained build operations Thread 6" [_thread_blocked, id=5668, stack(0x000000f554400000,0x000000f554500000)]
  0x0000025513469800 JavaThread "Unconstrained build operations Thread 7" [_thread_blocked, id=5632, stack(0x000000f554500000,0x000000f554600000)]
  0x000002551346a800 JavaThread "Unconstrained build operations Thread 8" [_thread_blocked, id=9932, stack(0x000000f554600000,0x000000f554700000)]
  0x0000025512291000 JavaThread "Unconstrained build operations Thread 9" [_thread_blocked, id=5948, stack(0x000000f554700000,0x000000f554800000)]
  0x000002551228c000 JavaThread "Unconstrained build operations Thread 10" [_thread_blocked, id=11660, stack(0x000000f554800000,0x000000f554900000)]
  0x0000025512292000 JavaThread "Unconstrained build operations Thread 11" [_thread_blocked, id=13188, stack(0x000000f554900000,0x000000f554a00000)]
  0x0000025512290000 JavaThread "Unconstrained build operations Thread 12" [_thread_blocked, id=4200, stack(0x000000f554a00000,0x000000f554b00000)]
  0x0000025512292800 JavaThread "Unconstrained build operations Thread 13" [_thread_blocked, id=14188, stack(0x000000f554b00000,0x000000f554c00000)]
  0x000002551228d000 JavaThread "Unconstrained build operations Thread 14" [_thread_blocked, id=7568, stack(0x000000f554c00000,0x000000f554d00000)]
  0x000002551228f800 JavaThread "Unconstrained build operations Thread 15" [_thread_blocked, id=12256, stack(0x000000f554d00000,0x000000f554e00000)]
  0x0000025512293800 JavaThread "Unconstrained build operations Thread 16" [_thread_blocked, id=6924, stack(0x000000f554e00000,0x000000f554f00000)]
  0x000002551228d800 JavaThread "Unconstrained build operations Thread 17" [_thread_blocked, id=10380, stack(0x000000f554f00000,0x000000f555000000)]
  0x000002551228e800 JavaThread "Unconstrained build operations Thread 18" [_thread_blocked, id=13944, stack(0x000000f555000000,0x000000f555100000)]
  0x0000025512297800 JavaThread "Unconstrained build operations Thread 19" [_thread_blocked, id=7360, stack(0x000000f555100000,0x000000f555200000)]
  0x0000025512298800 JavaThread "Unconstrained build operations Thread 20" [_thread_blocked, id=11888, stack(0x000000f555200000,0x000000f555300000)]
  0x0000025512296800 JavaThread "Unconstrained build operations Thread 21" [_thread_blocked, id=9840, stack(0x000000f555300000,0x000000f555400000)]
  0x000002551229a000 JavaThread "Unconstrained build operations Thread 22" [_thread_blocked, id=1636, stack(0x000000f555400000,0x000000f555500000)]
  0x0000025512294000 JavaThread "Unconstrained build operations Thread 23" [_thread_blocked, id=13764, stack(0x000000f555500000,0x000000f555600000)]
  0x0000025512296000 JavaThread "Unconstrained build operations Thread 24" [_thread_blocked, id=3624, stack(0x000000f555600000,0x000000f555700000)]
  0x0000025512299000 JavaThread "Unconstrained build operations Thread 25" [_thread_blocked, id=13772, stack(0x000000f555700000,0x000000f555800000)]
  0x000002551229b000 JavaThread "Unconstrained build operations Thread 26" [_thread_blocked, id=13092, stack(0x000000f555800000,0x000000f555900000)]
  0x0000025512295000 JavaThread "Unconstrained build operations Thread 27" [_thread_blocked, id=11432, stack(0x000000f555900000,0x000000f555a00000)]
  0x0000025515a3d800 JavaThread "Unconstrained build operations Thread 28" [_thread_blocked, id=4940, stack(0x000000f555a00000,0x000000f555b00000)]
  0x0000025515a38800 JavaThread "Unconstrained build operations Thread 29" [_thread_blocked, id=14296, stack(0x000000f555b00000,0x000000f555c00000)]
  0x0000025515a3b800 JavaThread "Unconstrained build operations Thread 30" [_thread_blocked, id=3148, stack(0x000000f555c00000,0x000000f555d00000)]
  0x0000025515a3a000 JavaThread "Unconstrained build operations Thread 31" [_thread_blocked, id=13132, stack(0x000000f555d00000,0x000000f555e00000)]
  0x0000025515a3f000 JavaThread "Unconstrained build operations Thread 32" [_thread_blocked, id=8720, stack(0x000000f555e00000,0x000000f555f00000)]
  0x0000025515a39000 JavaThread "Unconstrained build operations Thread 33" [_thread_blocked, id=9312, stack(0x000000f555f00000,0x000000f556000000)]
  0x0000025515a3f800 JavaThread "Unconstrained build operations Thread 34" [_thread_blocked, id=13824, stack(0x000000f556000000,0x000000f556100000)]
  0x0000025515a3e000 JavaThread "Unconstrained build operations Thread 35" [_thread_blocked, id=9508, stack(0x000000f556100000,0x000000f556200000)]
  0x0000025515a3b000 JavaThread "Unconstrained build operations Thread 36" [_thread_blocked, id=8788, stack(0x000000f556200000,0x000000f556300000)]
  0x0000025515a42000 JavaThread "Unconstrained build operations Thread 37" [_thread_blocked, id=5736, stack(0x000000f556300000,0x000000f556400000)]
  0x0000025515a40800 JavaThread "Unconstrained build operations Thread 38" [_thread_blocked, id=7932, stack(0x000000f556400000,0x000000f556500000)]
  0x0000025515a41800 JavaThread "Unconstrained build operations Thread 39" [_thread_blocked, id=11936, stack(0x000000f556500000,0x000000f556600000)]
  0x0000025515a3c800 JavaThread "Unconstrained build operations Thread 40" [_thread_blocked, id=9088, stack(0x000000f556600000,0x000000f556700000)]
  0x0000025515a47000 JavaThread "Memory manager" [_thread_blocked, id=12396, stack(0x000000f556800000,0x000000f556900000)]
  0x0000025515a43000 JavaThread "build event listener" [_thread_blocked, id=7416, stack(0x000000f556700000,0x000000f556800000)]
  0x0000025515a44000 JavaThread "build event listener" [_thread_blocked, id=11532, stack(0x000000f556900000,0x000000f556a00000)]
  0x0000025515a44800 JavaThread "Cache worker for kotlin-dsl (C:\Users\user\.gradle\caches\7.5\kotlin-dsl)" [_thread_blocked, id=2260, stack(0x000000f556b00000,0x000000f556c00000)]
  0x000002551b182000 JavaThread "included builds" [_thread_blocked, id=14148, stack(0x000000f551000000,0x000000f551100000)]
  0x000002551b184800 JavaThread "Execution worker" [_thread_blocked, id=7092, stack(0x000000f550e00000,0x000000f550f00000)]
  0x000002551b183800 JavaThread "Execution worker Thread 2" [_thread_blocked, id=7412, stack(0x000000f556a00000,0x000000f556b00000)]
  0x000002551b183000 JavaThread "Execution worker Thread 3" [_thread_blocked, id=14232, stack(0x000000f556e00000,0x000000f556f00000)]
  0x000002551b181000 JavaThread "Cache worker for execution history cache (C:\Users\user\Desktop\mapme2\android\.gradle\7.5\executionHistory)" [_thread_blocked, id=4364, stack(0x000000f556f00000,0x000000f557000000)]
  0x000002551b188800 JavaThread "Exec process" [_thread_in_native, id=6152, stack(0x000000f557100000,0x000000f557200000)]
  0x000002551b187800 JavaThread "Exec process Thread 2" [_thread_in_native, id=12792, stack(0x000000f557000000,0x000000f557100000)]
  0x000002551b18a000 JavaThread "Exec process Thread 3" [_thread_in_native, id=14036, stack(0x000000f557200000,0x000000f557300000)]

Other Threads:
  0x000002557f7ef800 VMThread "VM Thread" [stack: 0x000000f551600000,0x000000f551700000] [id=4472]
  0x000002557fb6a800 WatcherThread [stack: 0x000000f552000000,0x000000f552100000] [id=14104]
  0x0000025576007800 GCTaskThread "GC Thread#0" [stack: 0x000000f551100000,0x000000f551200000] [id=2024]
  0x0000025511d82800 GCTaskThread "GC Thread#1" [stack: 0x000000f552200000,0x000000f552300000] [id=3948]
  0x00000255128e2000 GCTaskThread "GC Thread#2" [stack: 0x000000f552300000,0x000000f552400000] [id=2896]
  0x000002551264c000 GCTaskThread "GC Thread#3" [stack: 0x000000f552400000,0x000000f552500000] [id=11604]
  0x000002557602c000 ConcurrentGCThread "G1 Main Marker" [stack: 0x000000f551200000,0x000000f551300000] [id=8344]
  0x000002557602d800 ConcurrentGCThread "G1 Conc#0" [stack: 0x000000f551300000,0x000000f551400000] [id=10244]
  0x00000255760a9800 ConcurrentGCThread "G1 Refine#0" [stack: 0x000000f551400000,0x000000f551500000] [id=12400]
  0x00000255760aa800 ConcurrentGCThread "G1 Young RemSet Sampling" [stack: 0x000000f551500000,0x000000f551600000] [id=3620]

Threads with active compile tasks:
C2 CompilerThread0  84577 14146       4       org.gradle.internal.logging.text.AbstractLineChoppingStyledTextOutput::doAppend (43 bytes)
C1 CompilerThread0  84577 14147       3       org.gradle.internal.logging.console.StyledTextOutputBackedRenderer::onOutput (260 bytes)

VM state:not at safepoint (normal execution)

VM Mutex/Monitor currently owned by a thread: None

Heap address: 0x00000000a0000000, size: 1536 MB, Compressed Oops mode: 32-bit
Narrow klass base: 0x0000000000000000, Narrow klass shift: 3
Compressed class space size: 1073741824 Address: 0x0000000100000000

Heap:
 garbage-first heap   total 218112K, used 180939K [0x00000000a0000000, 0x0000000100000000)
  region size 1024K, 8 young (8192K), 2 survivors (2048K)
 Metaspace       used 102717K, capacity 106971K, committed 107224K, reserved 1140736K
  class space    used 13680K, capacity 15085K, committed 15104K, reserved 1048576K
Heap Regions: E=young(eden), S=young(survivor), O=old, HS=humongous(starts), HC=humongous(continues), CS=collection set, F=free, A=archive, TAMS=top-at-mark-start (previous, next)
|   0|0x00000000a0000000, 0x00000000a0100000, 0x00000000a0100000|100%|HS|  |TAMS 0x00000000a0100000, 0x00000000a0000000| Complete 
|   1|0x00000000a0100000, 0x00000000a0200000, 0x00000000a0200000|100%|HC|  |TAMS 0x00000000a0200000, 0x00000000a0100000| Complete 
|   2|0x00000000a0200000, 0x00000000a0300000, 0x00000000a0300000|100%|HC|  |TAMS 0x00000000a0300000, 0x00000000a0200000| Complete 
|   3|0x00000000a0300000, 0x00000000a0400000, 0x00000000a0400000|100%| O|  |TAMS 0x00000000a0400000, 0x00000000a0300000| Untracked 
|   4|0x00000000a0400000, 0x00000000a0500000, 0x00000000a0500000|100%| O|  |TAMS 0x00000000a0500000, 0x00000000a0400000| Untracked 
|   5|0x00000000a0500000, 0x00000000a0600000, 0x00000000a0600000|100%| O|  |TAMS 0x00000000a0600000, 0x00000000a0500000| Untracked 
|   6|0x00000000a0600000, 0x00000000a0700000, 0x00000000a0700000|100%| O|  |TAMS 0x00000000a0700000, 0x00000000a0600000| Untracked 
|   7|0x00000000a0700000, 0x00000000a0800000, 0x00000000a0800000|100%| O|  |TAMS 0x00000000a0800000, 0x00000000a0700000| Untracked 
|   8|0x00000000a0800000, 0x00000000a0900000, 0x00000000a0900000|100%| O|  |TAMS 0x00000000a0900000, 0x00000000a0800000| Untracked 
|   9|0x00000000a0900000, 0x00000000a0a00000, 0x00000000a0a00000|100%| O|  |TAMS 0x00000000a0a00000, 0x00000000a0900000| Untracked 
|  10|0x00000000a0a00000, 0x00000000a0b00000, 0x00000000a0b00000|100%| O|  |TAMS 0x00000000a0b00000, 0x00000000a0a00000| Untracked 
|  11|0x00000000a0b00000, 0x00000000a0c00000, 0x00000000a0c00000|100%| O|  |TAMS 0x00000000a0c00000, 0x00000000a0b00000| Untracked 
|  12|0x00000000a0c00000, 0x00000000a0d00000, 0x00000000a0d00000|100%| O|  |TAMS 0x00000000a0d00000, 0x00000000a0c00000| Untracked 
|  13|0x00000000a0d00000, 0x00000000a0e00000, 0x00000000a0e00000|100%| O|  |TAMS 0x00000000a0e00000, 0x00000000a0d00000| Untracked 
|  14|0x00000000a0e00000, 0x00000000a0f00000, 0x00000000a0f00000|100%| O|  |TAMS 0x00000000a0f00000, 0x00000000a0e00000| Untracked 
|  15|0x00000000a0f00000, 0x00000000a1000000, 0x00000000a1000000|100%| O|  |TAMS 0x00000000a1000000, 0x00000000a0f00000| Untracked 
|  16|0x00000000a1000000, 0x00000000a1100000, 0x00000000a1100000|100%| O|  |TAMS 0x00000000a1100000, 0x00000000a1000000| Untracked 
|  17|0x00000000a1100000, 0x00000000a1200000, 0x00000000a1200000|100%| O|  |TAMS 0x00000000a1200000, 0x00000000a1100000| Untracked 
|  18|0x00000000a1200000, 0x00000000a1300000, 0x00000000a1300000|100%| O|  |TAMS 0x00000000a1300000, 0x00000000a1200000| Untracked 
|  19|0x00000000a1300000, 0x00000000a1400000, 0x00000000a1400000|100%| O|  |TAMS 0x00000000a1400000, 0x00000000a1300000| Untracked 
|  20|0x00000000a1400000, 0x00000000a1500000, 0x00000000a1500000|100%| O|  |TAMS 0x00000000a1500000, 0x00000000a1400000| Untracked 
|  21|0x00000000a1500000, 0x00000000a1600000, 0x00000000a1600000|100%| O|  |TAMS 0x00000000a1600000, 0x00000000a1500000| Untracked 
|  22|0x00000000a1600000, 0x00000000a1700000, 0x00000000a1700000|100%| O|  |TAMS 0x00000000a1700000, 0x00000000a1600000| Untracked 
|  23|0x00000000a1700000, 0x00000000a1800000, 0x00000000a1800000|100%| O|  |TAMS 0x00000000a1800000, 0x00000000a1700000| Untracked 
|  24|0x00000000a1800000, 0x00000000a1900000, 0x00000000a1900000|100%| O|  |TAMS 0x00000000a1900000, 0x00000000a1800000| Untracked 
|  25|0x00000000a1900000, 0x00000000a1a00000, 0x00000000a1a00000|100%| O|  |TAMS 0x00000000a1a00000, 0x00000000a1900000| Untracked 
|  26|0x00000000a1a00000, 0x00000000a1b00000, 0x00000000a1b00000|100%|HS|  |TAMS 0x00000000a1b00000, 0x00000000a1a00000| Complete 
|  27|0x00000000a1b00000, 0x00000000a1c00000, 0x00000000a1c00000|100%|HS|  |TAMS 0x00000000a1c00000, 0x00000000a1b00000| Complete 
|  28|0x00000000a1c00000, 0x00000000a1d00000, 0x00000000a1d00000|100%|HC|  |TAMS 0x00000000a1d00000, 0x00000000a1c00000| Complete 
|  29|0x00000000a1d00000, 0x00000000a1e00000, 0x00000000a1e00000|100%|HS|  |TAMS 0x00000000a1e00000, 0x00000000a1d00000| Complete 
|  30|0x00000000a1e00000, 0x00000000a1f00000, 0x00000000a1f00000|100%|HS|  |TAMS 0x00000000a1f00000, 0x00000000a1e00000| Complete 
|  31|0x00000000a1f00000, 0x00000000a2000000, 0x00000000a2000000|100%|HC|  |TAMS 0x00000000a2000000, 0x00000000a1f00000| Complete 
|  32|0x00000000a2000000, 0x00000000a2100000, 0x00000000a2100000|100%|HC|  |TAMS 0x00000000a2100000, 0x00000000a2000000| Complete 
|  33|0x00000000a2100000, 0x00000000a2200000, 0x00000000a2200000|100%|HC|  |TAMS 0x00000000a2200000, 0x00000000a2100000| Complete 
|  34|0x00000000a2200000, 0x00000000a2300000, 0x00000000a2300000|100%| O|  |TAMS 0x00000000a2300000, 0x00000000a2200000| Untracked 
|  35|0x00000000a2300000, 0x00000000a2400000, 0x00000000a2400000|100%| O|  |TAMS 0x00000000a2400000, 0x00000000a2300000| Untracked 
|  36|0x00000000a2400000, 0x00000000a2500000, 0x00000000a2500000|100%| O|  |TAMS 0x00000000a2500000, 0x00000000a2400000| Untracked 
|  37|0x00000000a2500000, 0x00000000a2600000, 0x00000000a2600000|100%| O|  |TAMS 0x00000000a2600000, 0x00000000a2500000| Untracked 
|  38|0x00000000a2600000, 0x00000000a2700000, 0x00000000a2700000|100%| O|  |TAMS 0x00000000a2700000, 0x00000000a2600000| Untracked 
|  39|0x00000000a2700000, 0x00000000a2800000, 0x00000000a2800000|100%| O|  |TAMS 0x00000000a2800000, 0x00000000a2700000| Untracked 
|  40|0x00000000a2800000, 0x00000000a2900000, 0x00000000a2900000|100%|HS|  |TAMS 0x00000000a2900000, 0x00000000a2800000| Complete 
|  41|0x00000000a2900000, 0x00000000a2a00000, 0x00000000a2a00000|100%|HC|  |TAMS 0x00000000a2a00000, 0x00000000a2900000| Complete 
|  42|0x00000000a2a00000, 0x00000000a2b00000, 0x00000000a2b00000|100%| O|  |TAMS 0x00000000a2b00000, 0x00000000a2a00000| Untracked 
|  43|0x00000000a2b00000, 0x00000000a2c00000, 0x00000000a2c00000|100%| O|  |TAMS 0x00000000a2c00000, 0x00000000a2b00000| Untracked 
|  44|0x00000000a2c00000, 0x00000000a2d00000, 0x00000000a2d00000|100%| O|  |TAMS 0x00000000a2d00000, 0x00000000a2c00000| Untracked 
|  45|0x00000000a2d00000, 0x00000000a2e00000, 0x00000000a2e00000|100%| O|  |TAMS 0x00000000a2e00000, 0x00000000a2d00000| Untracked 
|  46|0x00000000a2e00000, 0x00000000a2f00000, 0x00000000a2f00000|100%| O|  |TAMS 0x00000000a2f00000, 0x00000000a2e00000| Untracked 
|  47|0x00000000a2f00000, 0x00000000a3000000, 0x00000000a3000000|100%| O|  |TAMS 0x00000000a3000000, 0x00000000a2f00000| Untracked 
|  48|0x00000000a3000000, 0x00000000a3100000, 0x00000000a3100000|100%| O|  |TAMS 0x00000000a3100000, 0x00000000a3000000| Untracked 
|  49|0x00000000a3100000, 0x00000000a3200000, 0x00000000a3200000|100%| O|  |TAMS 0x00000000a3200000, 0x00000000a3100000| Untracked 
|  50|0x00000000a3200000, 0x00000000a3300000, 0x00000000a3300000|100%| O|  |TAMS 0x00000000a3300000, 0x00000000a3200000| Untracked 
|  51|0x00000000a3300000, 0x00000000a3400000, 0x00000000a3400000|100%| O|  |TAMS 0x00000000a3400000, 0x00000000a3300000| Untracked 
|  52|0x00000000a3400000, 0x00000000a3500000, 0x00000000a3500000|100%| O|  |TAMS 0x00000000a3500000, 0x00000000a3400000| Untracked 
|  53|0x00000000a3500000, 0x00000000a3600000, 0x00000000a3600000|100%| O|  |TAMS 0x00000000a3600000, 0x00000000a3500000| Untracked 
|  54|0x00000000a3600000, 0x00000000a3700000, 0x00000000a3700000|100%| O|  |TAMS 0x00000000a3700000, 0x00000000a3600000| Untracked 
|  55|0x00000000a3700000, 0x00000000a3800000, 0x00000000a3800000|100%| O|  |TAMS 0x00000000a3800000, 0x00000000a3700000| Untracked 
|  56|0x00000000a3800000, 0x00000000a3900000, 0x00000000a3900000|100%| O|  |TAMS 0x00000000a3900000, 0x00000000a3800000| Untracked 
|  57|0x00000000a3900000, 0x00000000a3a00000, 0x00000000a3a00000|100%| O|  |TAMS 0x00000000a3a00000, 0x00000000a3900000| Untracked 
|  58|0x00000000a3a00000, 0x00000000a3b00000, 0x00000000a3b00000|100%| O|  |TAMS 0x00000000a3b00000, 0x00000000a3a00000| Untracked 
|  59|0x00000000a3b00000, 0x00000000a3c00000, 0x00000000a3c00000|100%| O|  |TAMS 0x00000000a3c00000, 0x00000000a3b00000| Untracked 
|  60|0x00000000a3c00000, 0x00000000a3d00000, 0x00000000a3d00000|100%| O|  |TAMS 0x00000000a3d00000, 0x00000000a3c00000| Untracked 
|  61|0x00000000a3d00000, 0x00000000a3e00000, 0x00000000a3e00000|100%| O|  |TAMS 0x00000000a3e00000, 0x00000000a3d00000| Untracked 
|  62|0x00000000a3e00000, 0x00000000a3f00000, 0x00000000a3f00000|100%| O|  |TAMS 0x00000000a3f00000, 0x00000000a3e00000| Untracked 
|  63|0x00000000a3f00000, 0x00000000a4000000, 0x00000000a4000000|100%| O|  |TAMS 0x00000000a4000000, 0x00000000a3f00000| Untracked 
|  64|0x00000000a4000000, 0x00000000a4100000, 0x00000000a4100000|100%| O|  |TAMS 0x00000000a4100000, 0x00000000a4000000| Untracked 
|  65|0x00000000a4100000, 0x00000000a4200000, 0x00000000a4200000|100%| O|  |TAMS 0x00000000a4200000, 0x00000000a4100000| Untracked 
|  66|0x00000000a4200000, 0x00000000a4300000, 0x00000000a4300000|100%| O|  |TAMS 0x00000000a4300000, 0x00000000a4200000| Untracked 
|  67|0x00000000a4300000, 0x00000000a4400000, 0x00000000a4400000|100%| O|  |TAMS 0x00000000a4400000, 0x00000000a4300000| Untracked 
|  68|0x00000000a4400000, 0x00000000a4500000, 0x00000000a4500000|100%| O|  |TAMS 0x00000000a4500000, 0x00000000a4400000| Untracked 
|  69|0x00000000a4500000, 0x00000000a4600000, 0x00000000a4600000|100%| O|  |TAMS 0x00000000a4600000, 0x00000000a4500000| Untracked 
|  70|0x00000000a4600000, 0x00000000a4700000, 0x00000000a4700000|100%| O|  |TAMS 0x00000000a4700000, 0x00000000a4600000| Untracked 
|  71|0x00000000a4700000, 0x00000000a4800000, 0x00000000a4800000|100%| O|  |TAMS 0x00000000a4800000, 0x00000000a4700000| Untracked 
|  72|0x00000000a4800000, 0x00000000a4900000, 0x00000000a4900000|100%| O|  |TAMS 0x00000000a4900000, 0x00000000a4800000| Untracked 
|  73|0x00000000a4900000, 0x00000000a4a00000, 0x00000000a4a00000|100%| O|  |TAMS 0x00000000a4a00000, 0x00000000a4900000| Untracked 
|  74|0x00000000a4a00000, 0x00000000a4b00000, 0x00000000a4b00000|100%| O|  |TAMS 0x00000000a4b00000, 0x00000000a4a00000| Untracked 
|  75|0x00000000a4b00000, 0x00000000a4c00000, 0x00000000a4c00000|100%| O|  |TAMS 0x00000000a4c00000, 0x00000000a4b00000| Untracked 
|  76|0x00000000a4c00000, 0x00000000a4d00000, 0x00000000a4d00000|100%| O|  |TAMS 0x00000000a4d00000, 0x00000000a4c00000| Untracked 
|  77|0x00000000a4d00000, 0x00000000a4e00000, 0x00000000a4e00000|100%| O|  |TAMS 0x00000000a4e00000, 0x00000000a4d00000| Untracked 
|  78|0x00000000a4e00000, 0x00000000a4f00000, 0x00000000a4f00000|100%| O|  |TAMS 0x00000000a4f00000, 0x00000000a4e00000| Untracked 
|  79|0x00000000a4f00000, 0x00000000a5000000, 0x00000000a5000000|100%|HS|  |TAMS 0x00000000a5000000, 0x00000000a4f00000| Complete 
|  80|0x00000000a5000000, 0x00000000a5100000, 0x00000000a5100000|100%|HC|  |TAMS 0x00000000a5100000, 0x00000000a5000000| Complete 
|  81|0x00000000a5100000, 0x00000000a5200000, 0x00000000a5200000|100%|HS|  |TAMS 0x00000000a5200000, 0x00000000a5100000| Complete 
|  82|0x00000000a5200000, 0x00000000a5300000, 0x00000000a5300000|100%|HS|  |TAMS 0x00000000a5300000, 0x00000000a5200000| Complete 
|  83|0x00000000a5300000, 0x00000000a5400000, 0x00000000a5400000|100%|HC|  |TAMS 0x00000000a5400000, 0x00000000a5300000| Complete 
|  84|0x00000000a5400000, 0x00000000a5500000, 0x00000000a5500000|100%|HC|  |TAMS 0x00000000a5500000, 0x00000000a5400000| Complete 
|  85|0x00000000a5500000, 0x00000000a5600000, 0x00000000a5600000|100%|HC|  |TAMS 0x00000000a5600000, 0x00000000a5500000| Complete 
|  86|0x00000000a5600000, 0x00000000a5700000, 0x00000000a5700000|100%|HS|  |TAMS 0x00000000a5700000, 0x00000000a5600000| Complete 
|  87|0x00000000a5700000, 0x00000000a5800000, 0x00000000a5800000|100%|HS|  |TAMS 0x00000000a5800000, 0x00000000a5700000| Complete 
|  88|0x00000000a5800000, 0x00000000a5900000, 0x00000000a5900000|100%| O|  |TAMS 0x00000000a5900000, 0x00000000a5800000| Untracked 
|  89|0x00000000a5900000, 0x00000000a5a00000, 0x00000000a5a00000|100%| O|  |TAMS 0x00000000a5a00000, 0x00000000a5900000| Untracked 
|  90|0x00000000a5a00000, 0x00000000a5b00000, 0x00000000a5b00000|100%| O|  |TAMS 0x00000000a5b00000, 0x00000000a5a00000| Untracked 
|  91|0x00000000a5b00000, 0x00000000a5c00000, 0x00000000a5c00000|100%| O|  |TAMS 0x00000000a5c00000, 0x00000000a5b00000| Untracked 
|  92|0x00000000a5c00000, 0x00000000a5d00000, 0x00000000a5d00000|100%| O|  |TAMS 0x00000000a5d00000, 0x00000000a5c00000| Untracked 
|  93|0x00000000a5d00000, 0x00000000a5e00000, 0x00000000a5e00000|100%| O|  |TAMS 0x00000000a5e00000, 0x00000000a5d00000| Untracked 
|  94|0x00000000a5e00000, 0x00000000a5f00000, 0x00000000a5f00000|100%| O|  |TAMS 0x00000000a5f00000, 0x00000000a5e00000| Untracked 
|  95|0x00000000a5f00000, 0x00000000a6000000, 0x00000000a6000000|100%| O|  |TAMS 0x00000000a6000000, 0x00000000a5f00000| Untracked 
|  96|0x00000000a6000000, 0x00000000a6100000, 0x00000000a6100000|100%| O|  |TAMS 0x00000000a6100000, 0x00000000a6000000| Untracked 
|  97|0x00000000a6100000, 0x00000000a6200000, 0x00000000a6200000|100%| O|  |TAMS 0x00000000a6200000, 0x00000000a6100000| Untracked 
|  98|0x00000000a6200000, 0x00000000a6300000, 0x00000000a6300000|100%| O|  |TAMS 0x00000000a6300000, 0x00000000a6200000| Untracked 
|  99|0x00000000a6300000, 0x00000000a6400000, 0x00000000a6400000|100%| O|  |TAMS 0x00000000a6400000, 0x00000000a6300000| Untracked 
| 100|0x00000000a6400000, 0x00000000a6500000, 0x00000000a6500000|100%|HS|  |TAMS 0x00000000a6500000, 0x00000000a6400000| Complete 
| 101|0x00000000a6500000, 0x00000000a6600000, 0x00000000a6600000|100%|HS|  |TAMS 0x00000000a6600000, 0x00000000a6500000| Complete 
| 102|0x00000000a6600000, 0x00000000a6700000, 0x00000000a6700000|100%| O|  |TAMS 0x00000000a6700000, 0x00000000a6600000| Untracked 
| 103|0x00000000a6700000, 0x00000000a6800000, 0x00000000a6800000|100%| O|  |TAMS 0x00000000a6800000, 0x00000000a6700000| Untracked 
| 104|0x00000000a6800000, 0x00000000a6900000, 0x00000000a6900000|100%| O|  |TAMS 0x00000000a6900000, 0x00000000a6800000| Untracked 
| 105|0x00000000a6900000, 0x00000000a6a00000, 0x00000000a6a00000|100%| O|  |TAMS 0x00000000a6a00000, 0x00000000a6900000| Untracked 
| 106|0x00000000a6a00000, 0x00000000a6b00000, 0x00000000a6b00000|100%| O|  |TAMS 0x00000000a6b00000, 0x00000000a6a00000| Untracked 
| 107|0x00000000a6b00000, 0x00000000a6c00000, 0x00000000a6c00000|100%| O|  |TAMS 0x00000000a6c00000, 0x00000000a6b00000| Untracked 
| 108|0x00000000a6c00000, 0x00000000a6d00000, 0x00000000a6d00000|100%| O|  |TAMS 0x00000000a6d00000, 0x00000000a6c00000| Untracked 
| 109|0x00000000a6d00000, 0x00000000a6e00000, 0x00000000a6e00000|100%| O|  |TAMS 0x00000000a6e00000, 0x00000000a6d00000| Untracked 
| 110|0x00000000a6e00000, 0x00000000a6f00000, 0x00000000a6f00000|100%| O|  |TAMS 0x00000000a6f00000, 0x00000000a6e00000| Untracked 
| 111|0x00000000a6f00000, 0x00000000a7000000, 0x00000000a7000000|100%| O|  |TAMS 0x00000000a7000000, 0x00000000a6f00000| Untracked 
| 112|0x00000000a7000000, 0x00000000a7100000, 0x00000000a7100000|100%| O|  |TAMS 0x00000000a7100000, 0x00000000a7000000| Untracked 
| 113|0x00000000a7100000, 0x00000000a7200000, 0x00000000a7200000|100%|HS|  |TAMS 0x00000000a7200000, 0x00000000a7100000| Complete 
| 114|0x00000000a7200000, 0x00000000a7300000, 0x00000000a7300000|100%|HS|  |TAMS 0x00000000a7300000, 0x00000000a7200000| Complete 
| 115|0x00000000a7300000, 0x00000000a7400000, 0x00000000a7400000|100%| O|  |TAMS 0x00000000a7400000, 0x00000000a7300000| Untracked 
| 116|0x00000000a7400000, 0x00000000a7500000, 0x00000000a7500000|100%| O|  |TAMS 0x00000000a7500000, 0x00000000a7400000| Untracked 
| 117|0x00000000a7500000, 0x00000000a7600000, 0x00000000a7600000|100%| O|  |TAMS 0x00000000a7600000, 0x00000000a7500000| Untracked 
| 118|0x00000000a7600000, 0x00000000a7700000, 0x00000000a7700000|100%| O|  |TAMS 0x00000000a7700000, 0x00000000a7600000| Untracked 
| 119|0x00000000a7700000, 0x00000000a7800000, 0x00000000a7800000|100%| O|  |TAMS 0x00000000a7800000, 0x00000000a7700000| Untracked 
| 120|0x00000000a7800000, 0x00000000a7900000, 0x00000000a7900000|100%| O|  |TAMS 0x00000000a7900000, 0x00000000a7800000| Untracked 
| 121|0x00000000a7900000, 0x00000000a7a00000, 0x00000000a7a00000|100%| O|  |TAMS 0x00000000a7a00000, 0x00000000a7900000| Untracked 
| 122|0x00000000a7a00000, 0x00000000a7b00000, 0x00000000a7b00000|100%| O|  |TAMS 0x00000000a7b00000, 0x00000000a7a00000| Untracked 
| 123|0x00000000a7b00000, 0x00000000a7c00000, 0x00000000a7c00000|100%| O|  |TAMS 0x00000000a7c00000, 0x00000000a7b00000| Untracked 
| 124|0x00000000a7c00000, 0x00000000a7d00000, 0x00000000a7d00000|100%| O|  |TAMS 0x00000000a7d00000, 0x00000000a7c00000| Untracked 
| 125|0x00000000a7d00000, 0x00000000a7e00000, 0x00000000a7e00000|100%| O|  |TAMS 0x00000000a7e00000, 0x00000000a7d00000| Untracked 
| 126|0x00000000a7e00000, 0x00000000a7f00000, 0x00000000a7f00000|100%| O|  |TAMS 0x00000000a7f00000, 0x00000000a7e00000| Untracked 
| 127|0x00000000a7f00000, 0x00000000a8000000, 0x00000000a8000000|100%| O|  |TAMS 0x00000000a8000000, 0x00000000a7f00000| Untracked 
| 128|0x00000000a8000000, 0x00000000a8100000, 0x00000000a8100000|100%| O|  |TAMS 0x00000000a8100000, 0x00000000a8000000| Untracked 
| 129|0x00000000a8100000, 0x00000000a8200000, 0x00000000a8200000|100%| O|  |TAMS 0x00000000a8200000, 0x00000000a8100000| Untracked 
| 130|0x00000000a8200000, 0x00000000a8300000, 0x00000000a8300000|100%| O|  |TAMS 0x00000000a8300000, 0x00000000a8200000| Untracked 
| 131|0x00000000a8300000, 0x00000000a8400000, 0x00000000a8400000|100%| O|  |TAMS 0x00000000a8400000, 0x00000000a8300000| Untracked 
| 132|0x00000000a8400000, 0x00000000a8500000, 0x00000000a8500000|100%| O|  |TAMS 0x00000000a8500000, 0x00000000a8400000| Untracked 
| 133|0x00000000a8500000, 0x00000000a8600000, 0x00000000a8600000|100%| O|  |TAMS 0x00000000a8600000, 0x00000000a8500000| Untracked 
| 134|0x00000000a8600000, 0x00000000a8700000, 0x00000000a8700000|100%| O|  |TAMS 0x00000000a8700000, 0x00000000a8600000| Untracked 
| 135|0x00000000a8700000, 0x00000000a8800000, 0x00000000a8800000|100%| O|  |TAMS 0x00000000a8800000, 0x00000000a8700000| Untracked 
| 136|0x00000000a8800000, 0x00000000a8900000, 0x00000000a8900000|100%| O|  |TAMS 0x00000000a8900000, 0x00000000a8800000| Untracked 
| 137|0x00000000a8900000, 0x00000000a8a00000, 0x00000000a8a00000|100%| O|  |TAMS 0x00000000a8a00000, 0x00000000a8900000| Untracked 
| 138|0x00000000a8a00000, 0x00000000a8b00000, 0x00000000a8b00000|100%| O|  |TAMS 0x00000000a8b00000, 0x00000000a8a00000| Untracked 
| 139|0x00000000a8b00000, 0x00000000a8c00000, 0x00000000a8c00000|100%| O|  |TAMS 0x00000000a8c00000, 0x00000000a8b00000| Untracked 
| 140|0x00000000a8c00000, 0x00000000a8d00000, 0x00000000a8d00000|100%| O|  |TAMS 0x00000000a8d00000, 0x00000000a8c00000| Untracked 
| 141|0x00000000a8d00000, 0x00000000a8e00000, 0x00000000a8e00000|100%| O|  |TAMS 0x00000000a8e00000, 0x00000000a8d00000| Untracked 
| 142|0x00000000a8e00000, 0x00000000a8f00000, 0x00000000a8f00000|100%| O|  |TAMS 0x00000000a8f00000, 0x00000000a8e00000| Untracked 
| 143|0x00000000a8f00000, 0x00000000a9000000, 0x00000000a9000000|100%| O|  |TAMS 0x00000000a9000000, 0x00000000a8f00000| Untracked 
| 144|0x00000000a9000000, 0x00000000a9100000, 0x00000000a9100000|100%| O|  |TAMS 0x00000000a9100000, 0x00000000a9000000| Untracked 
| 145|0x00000000a9100000, 0x00000000a9200000, 0x00000000a9200000|100%| O|  |TAMS 0x00000000a9200000, 0x00000000a9100000| Untracked 
| 146|0x00000000a9200000, 0x00000000a9300000, 0x00000000a9300000|100%| O|  |TAMS 0x00000000a9300000, 0x00000000a9200000| Untracked 
| 147|0x00000000a9300000, 0x00000000a9400000, 0x00000000a9400000|100%| O|  |TAMS 0x00000000a9400000, 0x00000000a9300000| Untracked 
| 148|0x00000000a9400000, 0x00000000a9500000, 0x00000000a9500000|100%| O|  |TAMS 0x00000000a9500000, 0x00000000a9400000| Untracked 
| 149|0x00000000a9500000, 0x00000000a9600000, 0x00000000a9600000|100%| O|  |TAMS 0x00000000a9600000, 0x00000000a9500000| Untracked 
| 150|0x00000000a9600000, 0x00000000a9700000, 0x00000000a9700000|100%| O|  |TAMS 0x00000000a9700000, 0x00000000a9600000| Untracked 
| 151|0x00000000a9700000, 0x00000000a9800000, 0x00000000a9800000|100%| O|  |TAMS 0x00000000a9800000, 0x00000000a9700000| Untracked 
| 152|0x00000000a9800000, 0x00000000a9900000, 0x00000000a9900000|100%| O|  |TAMS 0x00000000a9900000, 0x00000000a9800000| Untracked 
| 153|0x00000000a9900000, 0x00000000a9a00000, 0x00000000a9a00000|100%| O|  |TAMS 0x00000000a9a00000, 0x00000000a9900000| Untracked 
| 154|0x00000000a9a00000, 0x00000000a9b00000, 0x00000000a9b00000|100%| O|  |TAMS 0x00000000a9b00000, 0x00000000a9a00000| Untracked 
| 155|0x00000000a9b00000, 0x00000000a9c00000, 0x00000000a9c00000|100%| O|  |TAMS 0x00000000a9c00000, 0x00000000a9b00000| Untracked 
| 156|0x00000000a9c00000, 0x00000000a9d00000, 0x00000000a9d00000|100%| O|  |TAMS 0x00000000a9d00000, 0x00000000a9c00000| Untracked 
| 157|0x00000000a9d00000, 0x00000000a9e00000, 0x00000000a9e00000|100%| O|  |TAMS 0x00000000a9e00000, 0x00000000a9d00000| Untracked 
| 158|0x00000000a9e00000, 0x00000000a9f00000, 0x00000000a9f00000|100%| O|  |TAMS 0x00000000a9f00000, 0x00000000a9e00000| Untracked 
| 159|0x00000000a9f00000, 0x00000000aa000000, 0x00000000aa000000|100%| O|  |TAMS 0x00000000aa000000, 0x00000000a9f00000| Untracked 
| 160|0x00000000aa000000, 0x00000000aa100000, 0x00000000aa100000|100%| O|  |TAMS 0x00000000aa100000, 0x00000000aa000000| Untracked 
| 161|0x00000000aa100000, 0x00000000aa200000, 0x00000000aa200000|100%| O|  |TAMS 0x00000000aa200000, 0x00000000aa100000| Untracked 
| 162|0x00000000aa200000, 0x00000000aa200000, 0x00000000aa300000|  0%| F|  |TAMS 0x00000000aa200000, 0x00000000aa200000| Untracked 
| 163|0x00000000aa300000, 0x00000000aa400000, 0x00000000aa400000|100%| O|  |TAMS 0x00000000aa400000, 0x00000000aa300000| Untracked 
| 164|0x00000000aa400000, 0x00000000aa500000, 0x00000000aa500000|100%| O|  |TAMS 0x00000000aa500000, 0x00000000aa400000| Untracked 
| 165|0x00000000aa500000, 0x00000000aa600000, 0x00000000aa600000|100%| O|  |TAMS 0x00000000aa600000, 0x00000000aa500000| Untracked 
| 166|0x00000000aa600000, 0x00000000aa700000, 0x00000000aa700000|100%| O|  |TAMS 0x00000000aa700000, 0x00000000aa600000| Untracked 
| 167|0x00000000aa700000, 0x00000000aa800000, 0x00000000aa800000|100%| O|  |TAMS 0x00000000aa7cea00, 0x00000000aa700000| Untracked 
| 168|0x00000000aa800000, 0x00000000aa900000, 0x00000000aa900000|100%| O|  |TAMS 0x00000000aa800000, 0x00000000aa800000| Untracked 
| 169|0x00000000aa900000, 0x00000000aaa00000, 0x00000000aaa00000|100%| O|  |TAMS 0x00000000aa900000, 0x00000000aa900000| Untracked 
| 170|0x00000000aaa00000, 0x00000000aab00000, 0x00000000aab00000|100%| O|  |TAMS 0x00000000aaa00000, 0x00000000aaa00000| Untracked 
| 171|0x00000000aab00000, 0x00000000aab90400, 0x00000000aac00000| 56%| O|  |TAMS 0x00000000aab00000, 0x00000000aab00000| Untracked 
| 172|0x00000000aac00000, 0x00000000aac00000, 0x00000000aad00000|  0%| F|  |TAMS 0x00000000aac00000, 0x00000000aac00000| Untracked 
| 173|0x00000000aad00000, 0x00000000aad00000, 0x00000000aae00000|  0%| F|  |TAMS 0x00000000aad00000, 0x00000000aad00000| Untracked 
| 174|0x00000000aae00000, 0x00000000aae00000, 0x00000000aaf00000|  0%| F|  |TAMS 0x00000000aae00000, 0x00000000aae00000| Untracked 
| 175|0x00000000aaf00000, 0x00000000aaf00000, 0x00000000ab000000|  0%| F|  |TAMS 0x00000000aaf00000, 0x00000000aaf00000| Untracked 
| 176|0x00000000ab000000, 0x00000000ab000000, 0x00000000ab100000|  0%| F|  |TAMS 0x00000000ab000000, 0x00000000ab000000| Untracked 
| 177|0x00000000ab100000, 0x00000000ab100000, 0x00000000ab200000|  0%| F|  |TAMS 0x00000000ab100000, 0x00000000ab100000| Untracked 
| 178|0x00000000ab200000, 0x00000000ab200000, 0x00000000ab300000|  0%| F|  |TAMS 0x00000000ab200000, 0x00000000ab200000| Untracked 
| 179|0x00000000ab300000, 0x00000000ab300000, 0x00000000ab400000|  0%| F|  |TAMS 0x00000000ab300000, 0x00000000ab300000| Untracked 
| 180|0x00000000ab400000, 0x00000000ab400000, 0x00000000ab500000|  0%| F|  |TAMS 0x00000000ab400000, 0x00000000ab400000| Untracked 
| 181|0x00000000ab500000, 0x00000000ab500000, 0x00000000ab600000|  0%| F|  |TAMS 0x00000000ab500000, 0x00000000ab500000| Untracked 
| 182|0x00000000ab600000, 0x00000000ab600000, 0x00000000ab700000|  0%| F|  |TAMS 0x00000000ab600000, 0x00000000ab600000| Untracked 
| 183|0x00000000ab700000, 0x00000000ab700000, 0x00000000ab800000|  0%| F|  |TAMS 0x00000000ab700000, 0x00000000ab700000| Untracked 
| 184|0x00000000ab800000, 0x00000000ab800000, 0x00000000ab900000|  0%| F|  |TAMS 0x00000000ab800000, 0x00000000ab800000| Untracked 
| 185|0x00000000ab900000, 0x00000000ab900000, 0x00000000aba00000|  0%| F|  |TAMS 0x00000000ab900000, 0x00000000ab900000| Untracked 
| 186|0x00000000aba00000, 0x00000000aba00000, 0x00000000abb00000|  0%| F|  |TAMS 0x00000000aba00000, 0x00000000aba00000| Untracked 
| 187|0x00000000abb00000, 0x00000000abb00000, 0x00000000abc00000|  0%| F|  |TAMS 0x00000000abb00000, 0x00000000abb00000| Untracked 
| 188|0x00000000abc00000, 0x00000000abc00000, 0x00000000abd00000|  0%| F|  |TAMS 0x00000000abc00000, 0x00000000abc00000| Untracked 
| 189|0x00000000abd00000, 0x00000000abd00000, 0x00000000abe00000|  0%| F|  |TAMS 0x00000000abd00000, 0x00000000abd00000| Untracked 
| 190|0x00000000abe00000, 0x00000000abe00000, 0x00000000abf00000|  0%| F|  |TAMS 0x00000000abe00000, 0x00000000abe00000| Untracked 
| 191|0x00000000abf00000, 0x00000000abf00000, 0x00000000ac000000|  0%| F|  |TAMS 0x00000000abf00000, 0x00000000abf00000| Untracked 
| 192|0x00000000ac000000, 0x00000000ac000000, 0x00000000ac100000|  0%| F|  |TAMS 0x00000000ac000000, 0x00000000ac000000| Untracked 
| 193|0x00000000ac100000, 0x00000000ac100000, 0x00000000ac200000|  0%| F|  |TAMS 0x00000000ac100000, 0x00000000ac100000| Untracked 
| 194|0x00000000ac200000, 0x00000000ac200000, 0x00000000ac300000|  0%| F|  |TAMS 0x00000000ac200000, 0x00000000ac200000| Untracked 
| 195|0x00000000ac300000, 0x00000000ac300000, 0x00000000ac400000|  0%| F|  |TAMS 0x00000000ac300000, 0x00000000ac300000| Untracked 
| 196|0x00000000ac400000, 0x00000000ac400000, 0x00000000ac500000|  0%| F|  |TAMS 0x00000000ac400000, 0x00000000ac400000| Untracked 
| 197|0x00000000ac500000, 0x00000000ac500000, 0x00000000ac600000|  0%| F|  |TAMS 0x00000000ac500000, 0x00000000ac500000| Untracked 
| 198|0x00000000ac600000, 0x00000000ac600000, 0x00000000ac700000|  0%| F|  |TAMS 0x00000000ac600000, 0x00000000ac600000| Untracked 
| 199|0x00000000ac700000, 0x00000000ac700000, 0x00000000ac800000|  0%| F|  |TAMS 0x00000000ac700000, 0x00000000ac700000| Untracked 
| 200|0x00000000ac800000, 0x00000000ac800000, 0x00000000ac900000|  0%| F|  |TAMS 0x00000000ac800000, 0x00000000ac800000| Untracked 
| 201|0x00000000ac900000, 0x00000000ac900000, 0x00000000aca00000|  0%| F|  |TAMS 0x00000000ac900000, 0x00000000ac900000| Untracked 
| 202|0x00000000aca00000, 0x00000000aca229e0, 0x00000000acb00000| 13%| S|CS|TAMS 0x00000000aca00000, 0x00000000aca00000| Complete 
| 203|0x00000000acb00000, 0x00000000acc00000, 0x00000000acc00000|100%| S|CS|TAMS 0x00000000acb00000, 0x00000000acb00000| Complete 
| 204|0x00000000acc00000, 0x00000000acc00000, 0x00000000acd00000|  0%| F|  |TAMS 0x00000000acc00000, 0x00000000acc00000| Untracked 
| 205|0x00000000acd00000, 0x00000000acd00000, 0x00000000ace00000|  0%| F|  |TAMS 0x00000000acd00000, 0x00000000acd00000| Untracked 
| 206|0x00000000ace00000, 0x00000000ace00000, 0x00000000acf00000|  0%| F|  |TAMS 0x00000000ace00000, 0x00000000ace00000| Untracked 
| 207|0x00000000acf00000, 0x00000000acf2fd48, 0x00000000ad000000| 18%| E|  |TAMS 0x00000000acf00000, 0x00000000acf00000| Complete 
| 208|0x00000000ad000000, 0x00000000ad100000, 0x00000000ad100000|100%| E|CS|TAMS 0x00000000ad000000, 0x00000000ad000000| Complete 
| 209|0x00000000ad100000, 0x00000000ad200000, 0x00000000ad200000|100%| E|CS|TAMS 0x00000000ad100000, 0x00000000ad100000| Complete 
| 210|0x00000000ad200000, 0x00000000ad300000, 0x00000000ad300000|100%| E|CS|TAMS 0x00000000ad200000, 0x00000000ad200000| Complete 
| 211|0x00000000ad300000, 0x00000000ad400000, 0x00000000ad400000|100%| E|CS|TAMS 0x00000000ad300000, 0x00000000ad300000| Complete 
| 212|0x00000000ad400000, 0x00000000ad500000, 0x00000000ad500000|100%| E|CS|TAMS 0x00000000ad400000, 0x00000000ad400000| Complete 

Card table byte_map: [0x000002557bc10000,0x000002557bf10000] _byte_map_base: 0x000002557b710000

Marking Bits (Prev, Next): (CMBitMap*) 0x0000025576025510, (CMBitMap*) 0x00000255760254d8
 Prev Bits: [0x000002557da10000, 0x000002557f210000)
 Next Bits: [0x000002557c210000, 0x000002557da10000)

Polling page: 0x00000255760d0000

Metaspace:

Usage:
  Non-class:     89.73 MB capacity,    86.95 MB ( 97%) used,     2.47 MB (  3%) free+waste,   316.81 KB ( <1%) overhead. 
      Class:     14.73 MB capacity,    13.36 MB ( 91%) used,     1.23 MB (  8%) free+waste,   147.19 KB ( <1%) overhead. 
       Both:    104.46 MB capacity,   100.31 MB ( 96%) used,     3.70 MB (  4%) free+waste,   464.00 KB ( <1%) overhead. 

Virtual space:
  Non-class space:       90.00 MB reserved,      89.96 MB (>99%) committed 
      Class space:        1.00 GB reserved,      14.75 MB (  1%) committed 
             Both:        1.09 GB reserved,     104.71 MB (  9%) committed 

Chunk freelists:
   Non-Class:  42.00 KB
       Class:  19.00 KB
        Both:  61.00 KB

MaxMetaspaceSize: 17179869184.00 GB
CompressedClassSpaceSize: 1.00 GB
Initial GC threshold: 20.80 MB
Current GC threshold: 173.06 MB
CDS: off

CodeHeap 'non-profiled nmethods': size=120064Kb used=10594Kb max_used=10594Kb free=109469Kb
 bounds [0x0000025507ac0000, 0x0000025508520000, 0x000002550f000000]
CodeHeap 'profiled nmethods': size=120000Kb used=31161Kb max_used=31161Kb free=88838Kb
 bounds [0x0000025500590000, 0x0000025502400000, 0x0000025507ac0000]
CodeHeap 'non-nmethods': size=5696Kb used=2401Kb max_used=2466Kb free=3294Kb
 bounds [0x0000025500000000, 0x0000025500290000, 0x0000025500590000]
 total_blobs=15013 nmethods=14087 adapters=837
 compilation: enabled
              stopped_count=0, restarted_count=0
 full_count=0

Compilation events (20 events):
Event: 78.118 Thread 0x000002557f851000 14137       3       org.gradle.internal.remote.internal.inet.MultiChoiceAddress::<init> (27 bytes)
Event: 78.118 Thread 0x000002557f851000 nmethod 14137 0x00000255023fae90 code [0x00000255023fb060, 0x00000255023fb328]
Event: 78.118 Thread 0x000002557f851000 14138       3       org.gradle.launcher.daemon.server.api.DaemonStateControl$State::values (10 bytes)
Event: 78.119 Thread 0x000002557f851000 nmethod 14138 0x00000255023fb410 code [0x00000255023fb5e0, 0x00000255023fb868]
Event: 78.121 Thread 0x000002557f851000 14139       1       org.gradle.launcher.daemon.context.DefaultDaemonContext::getPid (5 bytes)
Event: 78.121 Thread 0x000002557f851000 nmethod 14139 0x0000025508517790 code [0x0000025508517940, 0x00000255085179f8]
Event: 84.009 Thread 0x000002557f851000 14140       3       java.util.HashMap$Values::spliterator (16 bytes)
Event: 84.010 Thread 0x000002557f851000 nmethod 14140 0x00000255023fb910 code [0x00000255023fbae0, 0x00000255023fbd08]
Event: 84.471 Thread 0x000002557f84e000 14141       4       org.gradle.internal.logging.text.AbstractLineChoppingStyledTextOutput$1::execute (9 bytes)
Event: 84.471 Thread 0x000002557f851000 14142       2       org.gradle.internal.logging.text.AbstractLineChoppingStyledTextOutput$1::execute (140 bytes)
Event: 84.473 Thread 0x000002557f851000 nmethod 14142 0x00000255023fbe10 code [0x00000255023fc040, 0x00000255023fc4d8]
Event: 84.474 Thread 0x000002557f851000 14143       3       org.gradle.internal.io.LineBufferingOutputStream::write (59 bytes)
Event: 84.475 Thread 0x000002557f851000 nmethod 14143 0x00000255023fc910 code [0x00000255023fcbe0, 0x00000255023fd9b8]
Event: 84.475 Thread 0x000002557f851000 14144       3       org.gradle.internal.io.StreamByteBuffer$StreamByteBufferOutputStream::write (22 bytes)
Event: 84.476 Thread 0x000002557f851000 nmethod 14144 0x00000255023fdf10 code [0x00000255023fe0e0, 0x00000255023fe368]
Event: 84.484 Thread 0x000002557f84e000 nmethod 14141 0x0000025508517a90 code [0x0000025508517c80, 0x00000255085182c8]
Event: 84.484 Thread 0x000002557f84e000 14145       4       org.gradle.internal.logging.text.AbstractLineChoppingStyledTextOutput$StateContext::hasChar (25 bytes)
Event: 84.485 Thread 0x000002557f84e000 nmethod 14145 0x0000025508518810 code [0x00000255085189a0, 0x0000025508518a38]
Event: 84.494 Thread 0x000002557f84e000 14146       4       org.gradle.internal.logging.text.AbstractLineChoppingStyledTextOutput::doAppend (43 bytes)
Event: 84.513 Thread 0x000002557f851000 14147       3       org.gradle.internal.logging.console.StyledTextOutputBackedRenderer::onOutput (260 bytes)

GC Heap History (20 events):
Event: 60.141 GC heap before
{Heap before GC invocations=65 (full 0):
 garbage-first heap   total 218112K, used 173292K [0x00000000a0000000, 0x0000000100000000)
  region size 1024K, 31 young (31744K), 4 survivors (4096K)
 Metaspace       used 98996K, capacity 102864K, committed 103000K, reserved 1138688K
  class space    used 13138K, capacity 14403K, committed 14464K, reserved 1048576K
}
Event: 60.164 GC heap after
{Heap after GC invocations=66 (full 0):
 garbage-first heap   total 218112K, used 150381K [0x00000000a0000000, 0x0000000100000000)
  region size 1024K, 4 young (4096K), 4 survivors (4096K)
 Metaspace       used 98996K, capacity 102864K, committed 103000K, reserved 1138688K
  class space    used 13138K, capacity 14403K, committed 14464K, reserved 1048576K
}
Event: 61.897 GC heap before
{Heap before GC invocations=67 (full 0):
 garbage-first heap   total 218112K, used 175981K [0x00000000a0000000, 0x0000000100000000)
  region size 1024K, 30 young (30720K), 4 survivors (4096K)
 Metaspace       used 99445K, capacity 103432K, committed 103640K, reserved 1138688K
  class space    used 13183K, capacity 14477K, committed 14592K, reserved 1048576K
}
Event: 61.925 GC heap after
{Heap after GC invocations=68 (full 0):
 garbage-first heap   total 218112K, used 157696K [0x00000000a0000000, 0x0000000100000000)
  region size 1024K, 4 young (4096K), 4 survivors (4096K)
 Metaspace       used 99445K, capacity 103432K, committed 103640K, reserved 1138688K
  class space    used 13183K, capacity 14477K, committed 14592K, reserved 1048576K
}
Event: 63.012 GC heap before
{Heap before GC invocations=68 (full 0):
 garbage-first heap   total 218112K, used 180224K [0x00000000a0000000, 0x0000000100000000)
  region size 1024K, 26 young (26624K), 4 survivors (4096K)
 Metaspace       used 99813K, capacity 103761K, committed 103896K, reserved 1138688K
  class space    used 13225K, capacity 14515K, committed 14592K, reserved 1048576K
}
Event: 63.032 GC heap after
{Heap after GC invocations=69 (full 0):
 garbage-first heap   total 218112K, used 163840K [0x00000000a0000000, 0x0000000100000000)
  region size 1024K, 4 young (4096K), 4 survivors (4096K)
 Metaspace       used 99813K, capacity 103761K, committed 103896K, reserved 1138688K
  class space    used 13225K, capacity 14515K, committed 14592K, reserved 1048576K
}
Event: 64.041 GC heap before
{Heap before GC invocations=70 (full 0):
 garbage-first heap   total 218112K, used 181248K [0x00000000a0000000, 0x0000000100000000)
  region size 1024K, 22 young (22528K), 4 survivors (4096K)
 Metaspace       used 100335K, capacity 104335K, committed 104536K, reserved 1138688K
  class space    used 13289K, capacity 14595K, committed 14720K, reserved 1048576K
}
Event: 64.056 GC heap after
{Heap after GC invocations=71 (full 0):
 garbage-first heap   total 218112K, used 167284K [0x00000000a0000000, 0x0000000100000000)
  region size 1024K, 3 young (3072K), 3 survivors (3072K)
 Metaspace       used 100335K, capacity 104335K, committed 104536K, reserved 1138688K
  class space    used 13289K, capacity 14595K, committed 14720K, reserved 1048576K
}
Event: 64.654 GC heap before
{Heap before GC invocations=71 (full 0):
 garbage-first heap   total 218112K, used 183668K [0x00000000a0000000, 0x0000000100000000)
  region size 1024K, 20 young (20480K), 3 survivors (3072K)
 Metaspace       used 100603K, capacity 104605K, committed 104792K, reserved 1138688K
  class space    used 13320K, capacity 14599K, committed 14720K, reserved 1048576K
}
Event: 64.669 GC heap after
{Heap after GC invocations=72 (full 0):
 garbage-first heap   total 218112K, used 169225K [0x00000000a0000000, 0x0000000100000000)
  region size 1024K, 2 young (2048K), 2 survivors (2048K)
 Metaspace       used 100603K, capacity 104605K, committed 104792K, reserved 1138688K
  class space    used 13320K, capacity 14599K, committed 14720K, reserved 1048576K
}
Event: 65.859 GC heap before
{Heap before GC invocations=73 (full 0):
 garbage-first heap   total 218112K, used 185609K [0x00000000a0000000, 0x0000000100000000)
  region size 1024K, 18 young (18432K), 2 survivors (2048K)
 Metaspace       used 101304K, capacity 105355K, committed 105688K, reserved 1140736K
  class space    used 13419K, capacity 14760K, committed 14848K, reserved 1048576K
}
Event: 65.874 GC heap after
{Heap after GC invocations=74 (full 0):
 garbage-first heap   total 218112K, used 171943K [0x00000000a0000000, 0x0000000100000000)
  region size 1024K, 3 young (3072K), 3 survivors (3072K)
 Metaspace       used 101304K, capacity 105355K, committed 105688K, reserved 1140736K
  class space    used 13419K, capacity 14760K, committed 14848K, reserved 1048576K
}
Event: 66.330 GC heap before
{Heap before GC invocations=74 (full 0):
 garbage-first heap   total 218112K, used 185255K [0x00000000a0000000, 0x0000000100000000)
  region size 1024K, 17 young (17408K), 3 survivors (3072K)
 Metaspace       used 102108K, capacity 106224K, committed 106328K, reserved 1140736K
  class space    used 13582K, capacity 14964K, committed 14976K, reserved 1048576K
}
Event: 66.341 GC heap after
{Heap after GC invocations=75 (full 0):
 garbage-first heap   total 218112K, used 174741K [0x00000000a0000000, 0x0000000100000000)
  region size 1024K, 3 young (3072K), 3 survivors (3072K)
 Metaspace       used 102108K, capacity 106224K, committed 106328K, reserved 1140736K
  class space    used 13582K, capacity 14964K, committed 14976K, reserved 1048576K
}
Event: 67.153 GC heap before
{Heap before GC invocations=75 (full 0):
 garbage-first heap   total 218112K, used 187029K [0x00000000a0000000, 0x0000000100000000)
  region size 1024K, 16 young (16384K), 3 survivors (3072K)
 Metaspace       used 102167K, capacity 106253K, committed 106328K, reserved 1140736K
  class space    used 13590K, capacity 14972K, committed 14976K, reserved 1048576K
}
Event: 67.160 GC heap after
{Heap after GC invocations=76 (full 0):
 garbage-first heap   total 218112K, used 175175K [0x00000000a0000000, 0x0000000100000000)
  region size 1024K, 2 young (2048K), 2 survivors (2048K)
 Metaspace       used 102167K, capacity 106253K, committed 106328K, reserved 1140736K
  class space    used 13590K, capacity 14972K, committed 14976K, reserved 1048576K
}
Event: 67.693 GC heap before
{Heap before GC invocations=77 (full 0):
 garbage-first heap   total 218112K, used 188487K [0x00000000a0000000, 0x0000000100000000)
  region size 1024K, 15 young (15360K), 2 survivors (2048K)
 Metaspace       used 102168K, capacity 106253K, committed 106328K, reserved 1140736K
  class space    used 13590K, capacity 14972K, committed 14976K, reserved 1048576K
}
Event: 67.699 GC heap after
{Heap after GC invocations=78 (full 0):
 garbage-first heap   total 218112K, used 175642K [0x00000000a0000000, 0x0000000100000000)
  region size 1024K, 1 young (1024K), 1 survivors (1024K)
 Metaspace       used 102168K, capacity 106253K, committed 106328K, reserved 1140736K
  class space    used 13590K, capacity 14972K, committed 14976K, reserved 1048576K
}
Event: 68.079 GC heap before
{Heap before GC invocations=78 (full 0):
 garbage-first heap   total 218112K, used 184858K [0x00000000a0000000, 0x0000000100000000)
  region size 1024K, 10 young (10240K), 1 survivors (1024K)
 Metaspace       used 102535K, capacity 106752K, committed 106968K, reserved 1140736K
  class space    used 13660K, capacity 15074K, committed 15104K, reserved 1048576K
}
Event: 68.086 GC heap after
{Heap after GC invocations=79 (full 0):
 garbage-first heap   total 218112K, used 175819K [0x00000000a0000000, 0x0000000100000000)
  region size 1024K, 2 young (2048K), 2 survivors (2048K)
 Metaspace       used 102535K, capacity 106752K, committed 106968K, reserved 1140736K
  class space    used 13660K, capacity 15074K, committed 15104K, reserved 1048576K
}

Deoptimization events (20 events):
Event: 84.471 Thread 0x000002551b187800 Uncommon trap: trap_request=0xffffffc6 fr.pc=0x000002550805b070 relative=0x00000000000003d0
Event: 84.471 Thread 0x000002551b187800 Uncommon trap: reason=bimorphic_or_optimized_type_check action=maybe_recompile pc=0x000002550805b070 method=org.gradle.internal.logging.sink.OutputEventRenderer.onOutput(Lorg/gradle/internal/logging/events/OutputEvent;)V @ 1 c2
Event: 84.471 Thread 0x000002551b187800 DEOPT PACKING pc=0x000002550805b070 sp=0x000000f5570fe920
Event: 84.471 Thread 0x000002551b187800 DEOPT UNPACKING pc=0x000002550004a1af sp=0x000000f5570fe878 mode 2
Event: 84.473 Thread 0x000002551b187800 Uncommon trap: trap_request=0xffffffc6 fr.pc=0x000002550805b070 relative=0x00000000000003d0
Event: 84.473 Thread 0x000002551b187800 Uncommon trap: reason=bimorphic_or_optimized_type_check action=maybe_recompile pc=0x000002550805b070 method=org.gradle.internal.logging.sink.OutputEventRenderer.onOutput(Lorg/gradle/internal/logging/events/OutputEvent;)V @ 1 c2
Event: 84.473 Thread 0x000002551b187800 DEOPT PACKING pc=0x000002550805b070 sp=0x000000f5570fe920
Event: 84.473 Thread 0x000002551b187800 DEOPT UNPACKING pc=0x000002550004a1af sp=0x000000f5570fe878 mode 2
Event: 84.473 Thread 0x000002551b187800 Uncommon trap: trap_request=0xffffffc6 fr.pc=0x000002550805b070 relative=0x00000000000003d0
Event: 84.473 Thread 0x000002551b187800 Uncommon trap: reason=bimorphic_or_optimized_type_check action=maybe_recompile pc=0x000002550805b070 method=org.gradle.internal.logging.sink.OutputEventRenderer.onOutput(Lorg/gradle/internal/logging/events/OutputEvent;)V @ 1 c2
Event: 84.473 Thread 0x000002551b187800 DEOPT PACKING pc=0x000002550805b070 sp=0x000000f5570fe920
Event: 84.473 Thread 0x000002551b187800 DEOPT UNPACKING pc=0x000002550004a1af sp=0x000000f5570fe878 mode 2
Event: 84.474 Thread 0x000002551b187800 Uncommon trap: trap_request=0xffffffc6 fr.pc=0x000002550805b070 relative=0x00000000000003d0
Event: 84.474 Thread 0x000002551b187800 Uncommon trap: reason=bimorphic_or_optimized_type_check action=maybe_recompile pc=0x000002550805b070 method=org.gradle.internal.logging.sink.OutputEventRenderer.onOutput(Lorg/gradle/internal/logging/events/OutputEvent;)V @ 1 c2
Event: 84.474 Thread 0x000002551b187800 DEOPT PACKING pc=0x000002550805b070 sp=0x000000f5570fe920
Event: 84.474 Thread 0x000002551b187800 DEOPT UNPACKING pc=0x000002550004a1af sp=0x000000f5570fe878 mode 2
Event: 84.494 Thread 0x000002551b187800 Uncommon trap: trap_request=0xffffff4d fr.pc=0x000002550851808c relative=0x000000000000040c
Event: 84.494 Thread 0x000002551b187800 Uncommon trap: reason=unstable_if action=reinterpret pc=0x000002550851808c method=org.gradle.internal.logging.text.AbstractLineChoppingStyledTextOutput$2.execute(Lorg/gradle/internal/logging/text/AbstractLineChoppingStyledTextOutput$StateContext;)V @ 34 c
Event: 84.494 Thread 0x000002551b187800 DEOPT PACKING pc=0x000002550851808c sp=0x000000f5570fdf00
Event: 84.494 Thread 0x000002551b187800 DEOPT UNPACKING pc=0x000002550004a1af sp=0x000000f5570fdd98 mode 2

Classes redefined (0 events):
No events

Internal exceptions (20 events):
Event: 68.097 Thread 0x000002551b183800 Exception <a 'java/lang/ClassNotFoundException'{0x00000000ad475df0}: org/gradle/process/internal/DefaultExecAction_DecoratedBeanInfo> (0x00000000ad475df0) thrown at [./src/hotspot/share/classfile/systemDictionary.cpp, line 231]
Event: 68.099 Thread 0x000002551b183800 Exception <a 'java/lang/ClassNotFoundException'{0x00000000ad4a4e08}: org/gradle/process/internal/DefaultExecActionBeanInfo> (0x00000000ad4a4e08) thrown at [./src/hotspot/share/classfile/systemDictionary.cpp, line 231]
Event: 68.100 Thread 0x000002551b183800 Exception <a 'java/lang/ClassNotFoundException'{0x00000000ad4d7428}: org/gradle/process/internal/DefaultExecHandleBuilderBeanInfo> (0x00000000ad4d7428) thrown at [./src/hotspot/share/classfile/systemDictionary.cpp, line 231]
Event: 68.102 Thread 0x000002551b183800 Exception <a 'java/lang/ClassNotFoundException'{0x00000000ad30a140}: org/gradle/process/internal/AbstractExecHandleBuilderBeanInfo> (0x00000000ad30a140) thrown at [./src/hotspot/share/classfile/systemDictionary.cpp, line 231]
Event: 68.103 Thread 0x000002551b183800 Exception <a 'java/lang/ClassNotFoundException'{0x00000000ad33d428}: org/gradle/process/internal/DefaultProcessForkOptionsBeanInfo> (0x00000000ad33d428) thrown at [./src/hotspot/share/classfile/systemDictionary.cpp, line 231]
Event: 68.105 Thread 0x000002551b183800 Exception <a 'java/lang/ClassNotFoundException'{0x00000000ad370780}: org/gradle/process/internal/DefaultProcessForkOptionsCustomizer> (0x00000000ad370780) thrown at [./src/hotspot/share/classfile/systemDictionary.cpp, line 231]
Event: 68.108 Thread 0x000002551b183800 Exception <a 'java/lang/ClassNotFoundException'{0x00000000ad3b09b8}: org/gradle/process/internal/AbstractExecHandleBuilderCustomizer> (0x00000000ad3b09b8) thrown at [./src/hotspot/share/classfile/systemDictionary.cpp, line 231]
Event: 68.110 Thread 0x000002551b183800 Exception <a 'java/lang/ClassNotFoundException'{0x00000000ad3f4b40}: org/gradle/process/internal/DefaultExecHandleBuilderCustomizer> (0x00000000ad3f4b40) thrown at [./src/hotspot/share/classfile/systemDictionary.cpp, line 231]
Event: 68.115 Thread 0x000002551b183800 Exception <a 'java/lang/ClassNotFoundException'{0x00000000ad250b08}: org/gradle/process/internal/DefaultExecActionCustomizer> (0x00000000ad250b08) thrown at [./src/hotspot/share/classfile/systemDictionary.cpp, line 231]
Event: 68.118 Thread 0x000002551b183800 Exception <a 'java/lang/ClassNotFoundException'{0x00000000ad28c6c0}: org/gradle/process/internal/DefaultExecAction_DecoratedCustomizer> (0x00000000ad28c6c0) thrown at [./src/hotspot/share/classfile/systemDictionary.cpp, line 231]
Event: 68.122 Thread 0x000002551b183800 Exception <a 'java/lang/ClassNotFoundException'{0x00000000ad2e4638}: org/gradle/api/logging/LogLevelBeanInfo> (0x00000000ad2e4638) thrown at [./src/hotspot/share/classfile/systemDictionary.cpp, line 231]
Event: 68.123 Thread 0x000002551b183800 Exception <a 'java/lang/ClassNotFoundException'{0x00000000ad10e470}: org/gradle/api/logging/LogLevelCustomizer> (0x00000000ad10e470) thrown at [./src/hotspot/share/classfile/systemDictionary.cpp, line 231]
Event: 68.128 Thread 0x000002551b183800 Exception <a 'java/lang/ClassNotFoundException'{0x00000000ad17e1b8}: org/gradle/internal/logging/services/DefaultLoggingManagerBeanInfo> (0x00000000ad17e1b8) thrown at [./src/hotspot/share/classfile/systemDictionary.cpp, line 231]
Event: 68.129 Thread 0x000002551b183800 Exception <a 'java/lang/ClassNotFoundException'{0x00000000ad1b2508}: org/gradle/internal/logging/services/DefaultLoggingManagerCustomizer> (0x00000000ad1b2508) thrown at [./src/hotspot/share/classfile/systemDictionary.cpp, line 231]
Event: 68.159 Thread 0x000002551b183800 Exception <a 'java/lang/ClassNotFoundException'{0x00000000ad1ede10}: java/lang/BooleanBeanInfo> (0x00000000ad1ede10) thrown at [./src/hotspot/share/classfile/systemDictionary.cpp, line 231]
Event: 68.160 Thread 0x000002551b183800 Exception <a 'java/lang/ClassNotFoundException'{0x00000000ad1f9e08}: java/lang/BooleanCustomizer> (0x00000000ad1f9e08) thrown at [./src/hotspot/share/classfile/systemDictionary.cpp, line 231]
Event: 68.233 Thread 0x000002551b188800 Exception <a 'java/lang/NoSuchMethodError'{0x00000000ad07eb78}: 'void java.lang.invoke.DirectMethodHandle$Holder.invokeStatic(java.lang.Object, long)'> (0x00000000ad07eb78) thrown at [./src/hotspot/share/interpreter/linkResolver.cpp, line 773]
Event: 68.233 Thread 0x000002551b188800 Exception <a 'java/lang/NoSuchMethodError'{0x00000000ad083ae8}: 'java.lang.Object java.lang.invoke.DirectMethodHandle$Holder.invokeStatic(java.lang.Object, long)'> (0x00000000ad083ae8) thrown at [./src/hotspot/share/interpreter/linkResolver.cpp, line 773]
Event: 68.234 Thread 0x000002551b188800 Exception <a 'java/lang/NoSuchMethodError'{0x00000000ad0871f8}: 'java.lang.Object java.lang.invoke.DirectMethodHandle$Holder.invokeSpecial(java.lang.Object, java.lang.Object, long)'> (0x00000000ad0871f8) thrown at [./src/hotspot/share/interpreter/linkResolver.cpp, line 773]
Event: 68.236 Thread 0x000002551b188800 Exception <a 'java/lang/NoSuchMethodError'{0x00000000ad091ff8}: 'java.lang.Object java.lang.invoke.DirectMethodHandle$Holder.invokeStaticInit(java.lang.Object, java.lang.Object, long, java.lang.Object)'> (0x00000000ad091ff8) thrown at [./src/hotspot/share/interpreter/linkResolver.cpp, line 773]

Events (20 events):
Event: 68.208 loading class java/lang/ProcessImpl done
Event: 68.234 loading class java/lang/ProcessHandleImpl
Event: 68.235 loading class java/lang/ProcessHandleImpl done
Event: 68.236 Thread 0x000002551b187800 Thread exited: 0x000002551b187800
Event: 68.237 loading class java/lang/ProcessImpl$2
Event: 68.237 loading class java/lang/ProcessImpl$2 done
Event: 68.237 loading class java/lang/Process$PipeInputStream
Event: 68.237 loading class java/lang/Process$PipeInputStream done
Event: 68.237 Executing VM operation: Deoptimize
Event: 68.241 Executing VM operation: Deoptimize done
Event: 68.241 loading class org/gradle/process/internal/streams/ExecOutputHandleRunner
Event: 68.241 loading class org/gradle/process/internal/streams/ExecOutputHandleRunner done
Event: 68.242 Thread 0x000002551b187800 Thread added: 0x000002551b187800
Event: 68.243 Thread 0x000002551b18a000 Thread added: 0x000002551b18a000
Event: 84.469 loading class org/gradle/internal/logging/events/StyledTextOutputEvent$Span
Event: 84.469 loading class org/gradle/internal/logging/events/StyledTextOutputEvent$Span done
Event: 84.470 loading class org/gradle/internal/logging/events/operations/StyledTextBuildOperationProgressDetails$Span
Event: 84.470 loading class org/gradle/internal/logging/events/operations/StyledTextBuildOperationProgressDetails$Span done
Event: 84.470 loading class org/gradle/internal/operations/logging/StyledTextBuildOperationProgressDetails$Span
Event: 84.470 loading class org/gradle/internal/operations/logging/StyledTextBuildOperationProgressDetails$Span done


Dynamic libraries:
0x00007ff6a7590000 - 0x00007ff6a759a000 	C:\Program Files\Android\Android Studio\jre\bin\java.exe
0x00007ffa031d0000 - 0x00007ffa033c4000 	C:\WINDOWS\SYSTEM32\ntdll.dll
0x00007ffa01d90000 - 0x00007ffa01e4d000 	C:\WINDOWS\System32\KERNEL32.DLL
0x00007ffa00c60000 - 0x00007ffa00f27000 	C:\WINDOWS\System32\KERNELBASE.dll
0x00007ffa01130000 - 0x00007ffa01230000 	C:\WINDOWS\System32\ucrtbase.dll
0x00007ff9e36a0000 - 0x00007ff9e36b9000 	C:\Program Files\Android\Android Studio\jre\bin\jli.dll
0x00007ffa01a20000 - 0x00007ffa01bc0000 	C:\WINDOWS\System32\USER32.dll
0x00007ffa00f30000 - 0x00007ffa00f52000 	C:\WINDOWS\System32\win32u.dll
0x00007ffa02040000 - 0x00007ffa0206a000 	C:\WINDOWS\System32\GDI32.dll
0x00007ffa00910000 - 0x00007ffa00a1a000 	C:\WINDOWS\System32\gdi32full.dll
0x00007ffa00f90000 - 0x00007ffa0102d000 	C:\WINDOWS\System32\msvcp_win.dll
0x00007ff9e3000000 - 0x00007ff9e3017000 	C:\Program Files\Android\Android Studio\jre\bin\VCRUNTIME140.dll
0x00007ff9ed680000 - 0x00007ff9ed91a000 	C:\WINDOWS\WinSxS\amd64_microsoft.windows.common-controls_6595b64144ccf1df_6.0.19041.1_none_b555e41d4684ddec\COMCTL32.dll
0x00007ffa029b0000 - 0x00007ffa02a4e000 	C:\WINDOWS\System32\msvcrt.dll
0x00007ffa01710000 - 0x00007ffa01740000 	C:\WINDOWS\System32\IMM32.DLL
0x00007ff9dcc70000 - 0x00007ff9dcd0d000 	C:\Program Files\Android\Android Studio\jre\bin\msvcp140.dll
0x00007ff9b7f90000 - 0x00007ff9b8a75000 	C:\Program Files\Android\Android Studio\jre\bin\server\jvm.dll
0x00007ffa018f0000 - 0x00007ffa0199a000 	C:\WINDOWS\System32\ADVAPI32.dll
0x00007ffa02540000 - 0x00007ffa025db000 	C:\WINDOWS\System32\sechost.dll
0x00007ffa01250000 - 0x00007ffa01373000 	C:\WINDOWS\System32\RPCRT4.dll
0x00007ffa019a0000 - 0x00007ffa019a8000 	C:\WINDOWS\System32\PSAPI.DLL
0x00007ff9e9490000 - 0x00007ff9e9499000 	C:\WINDOWS\SYSTEM32\WSOCK32.dll
0x00007ffa019b0000 - 0x00007ffa01a1b000 	C:\WINDOWS\System32\WS2_32.dll
0x00007ff9f6d80000 - 0x00007ff9f6da7000 	C:\WINDOWS\SYSTEM32\WINMM.dll
0x00007ff9f6db0000 - 0x00007ff9f6dba000 	C:\WINDOWS\SYSTEM32\VERSION.dll
0x00007ff9ff230000 - 0x00007ff9ff243000 	C:\WINDOWS\SYSTEM32\kernel.appcore.dll
0x00007ff9f96d0000 - 0x00007ff9f96e1000 	C:\Program Files\Android\Android Studio\jre\bin\verify.dll
0x00007ff9fee90000 - 0x00007ff9ff074000 	C:\WINDOWS\SYSTEM32\DBGHELP.DLL
0x00007ff9f1470000 - 0x00007ff9f149c000 	C:\WINDOWS\SYSTEM32\dbgcore.DLL
0x00007ffa00be0000 - 0x00007ffa00c5f000 	C:\WINDOWS\System32\bcryptPrimitives.dll
0x00007ff9f96a0000 - 0x00007ff9f96c9000 	C:\Program Files\Android\Android Studio\jre\bin\java.dll
0x00007ff9fb340000 - 0x00007ff9fb34b000 	C:\Program Files\Android\Android Studio\jre\bin\jimage.dll
0x00007ff9f9680000 - 0x00007ff9f9698000 	C:\Program Files\Android\Android Studio\jre\bin\zip.dll
0x00007ffa02a50000 - 0x00007ffa03181000 	C:\WINDOWS\System32\SHELL32.dll
0x00007ff9fe5e0000 - 0x00007ff9fed6a000 	C:\WINDOWS\SYSTEM32\windows.storage.dll
0x00007ffa02650000 - 0x00007ffa029a4000 	C:\WINDOWS\System32\combase.dll
0x00007ffa002c0000 - 0x00007ffa002eb000 	C:\WINDOWS\SYSTEM32\Wldp.dll
0x00007ffa015e0000 - 0x00007ffa0168e000 	C:\WINDOWS\System32\SHCORE.dll
0x00007ffa024e0000 - 0x00007ffa02535000 	C:\WINDOWS\System32\shlwapi.dll
0x00007ffa00850000 - 0x00007ffa0086f000 	C:\WINDOWS\SYSTEM32\profapi.dll
0x00007ff9f9660000 - 0x00007ff9f967a000 	C:\Program Files\Android\Android Studio\jre\bin\net.dll
0x00007ff9f39a0000 - 0x00007ff9f3aa2000 	C:\WINDOWS\SYSTEM32\WINHTTP.dll
0x00007ffa00040000 - 0x00007ffa000aa000 	C:\WINDOWS\system32\mswsock.dll
0x00007ff9f9640000 - 0x00007ff9f9654000 	C:\Program Files\Android\Android Studio\jre\bin\nio.dll
0x00007ff9e2fd0000 - 0x00007ff9e2ff7000 	C:\Users\user\.gradle\native\e1d6ef7f7dcc3fd88c89a11ec53ec762bb8ba0a96d01ffa2cd45eb1d1d8dd5c5\windows-amd64\native-platform.dll
0x00007ff9b4f40000 - 0x00007ff9b5084000 	C:\Users\user\.gradle\native\0d407fdbe67a94daf76414ababcb853783967236a71b16ec16e742cd7a986fd3\windows-amd64\native-platform-file-events.dll
0x00007ff9fa810000 - 0x00007ff9fa81a000 	C:\Program Files\Android\Android Studio\jre\bin\management.dll
0x00007ff9f9630000 - 0x00007ff9f963d000 	C:\Program Files\Android\Android Studio\jre\bin\management_ext.dll
0x00007ffa00220000 - 0x00007ffa00238000 	C:\WINDOWS\SYSTEM32\CRYPTSP.dll
0x00007ff9ff9d0000 - 0x00007ff9ffa04000 	C:\WINDOWS\system32\rsaenh.dll
0x00007ffa00f60000 - 0x00007ffa00f87000 	C:\WINDOWS\System32\bcrypt.dll
0x00007ffa007d0000 - 0x00007ffa007fe000 	C:\WINDOWS\SYSTEM32\USERENV.dll
0x00007ffa00210000 - 0x00007ffa0021c000 	C:\WINDOWS\SYSTEM32\CRYPTBASE.dll
0x00007ff9ffd30000 - 0x00007ff9ffd6b000 	C:\WINDOWS\SYSTEM32\IPHLPAPI.DLL
0x00007ffa01f80000 - 0x00007ffa01f89000 	C:\WINDOWS\System32\NSI.dll
0x00007ff9f68e0000 - 0x00007ff9f68f7000 	C:\WINDOWS\SYSTEM32\dhcpcsvc6.DLL
0x00007ff9f6b70000 - 0x00007ff9f6b8d000 	C:\WINDOWS\SYSTEM32\dhcpcsvc.DLL
0x00007ff9ffd70000 - 0x00007ff9ffe3a000 	C:\WINDOWS\SYSTEM32\DNSAPI.dll
0x00007ff9eeb70000 - 0x00007ff9eeb87000 	C:\WINDOWS\system32\napinsp.dll
0x00007ff9eeb50000 - 0x00007ff9eeb6b000 	C:\WINDOWS\system32\pnrpnsp.dll
0x00007ff9eab10000 - 0x00007ff9eab25000 	C:\WINDOWS\system32\wshbth.dll
0x00007ff9fbda0000 - 0x00007ff9fbdbd000 	C:\WINDOWS\system32\NLAapi.dll
0x00007ff9ed990000 - 0x00007ff9ed9a2000 	C:\WINDOWS\System32\winrnr.dll
0x0000000075c80000 - 0x0000000075ca6000 	C:\Program Files\Bonjour\mdnsNSP.dll
0x00007ff9f2c90000 - 0x00007ff9f2c9a000 	C:\Windows\System32\rasadhlp.dll

dbghelp: loaded successfully - version: 4.0.5 - missing functions: none
symbol engine: initialized successfully - sym options: 0x614 - pdb path: .;C:\Program Files\Android\Android Studio\jre\bin;C:\WINDOWS\SYSTEM32;C:\WINDOWS\WinSxS\amd64_microsoft.windows.common-controls_6595b64144ccf1df_6.0.19041.1_none_b555e41d4684ddec;C:\Program Files\Android\Android Studio\jre\bin\server;C:\Users\user\.gradle\native\e1d6ef7f7dcc3fd88c89a11ec53ec762bb8ba0a96d01ffa2cd45eb1d1d8dd5c5\windows-amd64;C:\Users\user\.gradle\native\0d407fdbe67a94daf76414ababcb853783967236a71b16ec16e742cd7a986fd3\windows-amd64;C:\Program Files\Bonjour

VM Arguments:
jvm_args: --add-opens=java.base/java.util=ALL-UNNAMED --add-opens=java.base/java.lang=ALL-UNNAMED --add-opens=java.base/java.lang.invoke=ALL-UNNAMED --add-opens=java.base/java.util=ALL-UNNAMED --add-opens=java.prefs/java.util.prefs=ALL-UNNAMED --add-opens=java.prefs/java.util.prefs=ALL-UNNAMED --add-opens=java.base/java.nio.charset=ALL-UNNAMED --add-opens=java.base/java.net=ALL-UNNAMED --add-opens=java.base/java.util.concurrent.atomic=ALL-UNNAMED -Xmx1536M -Dfile.encoding=windows-1252 -Duser.country=GB -Duser.language=en -Duser.variant 
java_command: org.gradle.launcher.daemon.bootstrap.GradleDaemon 7.5
java_class_path (initial): C:\Users\user\.gradle\wrapper\dists\gradle-7.5-all\6qsw290k5lz422uaf8jf6m7co\gradle-7.5\lib\gradle-launcher-7.5.jar
Launcher Type: SUN_STANDARD

[Global flags]
     intx CICompilerCount                          = 3                                         {product} {ergonomic}
     uint ConcGCThreads                            = 1                                         {product} {ergonomic}
     uint G1ConcRefinementThreads                  = 4                                         {product} {ergonomic}
   size_t G1HeapRegionSize                         = 1048576                                   {product} {ergonomic}
    uintx GCDrainStackTargetSize                   = 64                                        {product} {ergonomic}
   size_t InitialHeapSize                          = 127926272                                 {product} {ergonomic}
   size_t MarkStackSize                            = 4194304                                   {product} {ergonomic}
   size_t MaxHeapSize                              = 1610612736                                {product} {command line}
   size_t MaxNewSize                               = 965738496                                 {product} {ergonomic}
   size_t MinHeapDeltaBytes                        = 1048576                                   {product} {ergonomic}
    uintx NonNMethodCodeHeapSize                   = 5830732                                {pd product} {ergonomic}
    uintx NonProfiledCodeHeapSize                  = 122913754                              {pd product} {ergonomic}
    uintx ProfiledCodeHeapSize                     = 122913754                              {pd product} {ergonomic}
    uintx ReservedCodeCacheSize                    = 251658240                              {pd product} {ergonomic}
     bool SegmentedCodeCache                       = true                                      {product} {ergonomic}
     bool UseCompressedClassPointers               = true                                 {lp64_product} {ergonomic}
     bool UseCompressedOops                        = true                                 {lp64_product} {ergonomic}
     bool UseG1GC                                  = true                                      {product} {ergonomic}
     bool UseLargePagesIndividualAllocation        = false                                  {pd product} {ergonomic}

Logging:
Log output configuration:
 #0: stdout all=warning uptime,level,tags
 #1: stderr all=off uptime,level,tags

Environment Variables:
JAVA_HOME=C:\Program Files\Android\Android Studio\jre
CLASSPATH=C:\Users\user\Desktop\mapme2\android\\gradle\wrapper\gradle-wrapper.jar
PATH=C:\Program Files\Android\Android Studio\jre\bin;C:\Users\user\AppData\Local\Programs\Python\Python310\Scripts\;C:\Users\user\AppData\Local\Programs\Python\Python310\;C:\Program Files (x86)\Common Files\Intel\Shared Libraries\redist\intel64\compiler;C:\Program Files\Common Files\Oracle\Java\javapath;C:\WINDOWS\system32;C:\WINDOWS;C:\WINDOWS\System32\Wbem;C:\WINDOWS\System32\WindowsPowerShell\v1.0\;C:\WINDOWS\System32\OpenSSH\;C:\Program Files\dotnet\;C:\WINDOWS\system32;C:\WINDOWS;C:\WINDOWS\System32\Wbem;C:\WINDOWS\System32\WindowsPowerShell\v1.0\;C:\WINDOWS\System32\OpenSSH\;C:\composer;C:\ProgramData\chocolatey\bin;C:\Users\user\AppData\Local\Microsoft\WindowsApps;C:\flutter\flutter\bin;C:\xampp\php\;C:\Program Files (x86)\Brackets\;C:\Users\user\AppData\Local\GitHubDesktop\bin;C:\Users\user\AppData\Roaming\Composer\vendor\bin;C:\Users\user\AppData\Roaming\npm;C:\Users\user\AppData\Local\Programs\Microsoft VS Code\bin;C:\adb;C:\Program Files\Git\cmd;C:\Program Files\nodejs\;C:\Users\user\AppData\Local\Microsoft\WindowsApps;C:\flutter\flutter\bin;C:\xampp\php\;C:\Program Files (x86)\Brackets\;C:\Users\user\AppData\Local\GitHubDesktop\bin;C:\Users\user\AppData\Roaming\Composer\vendor\bin;C:\Users\user\AppData\Local\Programs\Microsoft VS Code\bin;C:\Windows\System32;C:\Users\user\AppData\Roaming\npm;C:\Users\user\AppData\Local\Pub\Cache\bin;;C:\flutter\flutter\bin\mingit\cmd
USERNAME=user
OS=Windows_NT
PROCESSOR_IDENTIFIER=AMD64 Family 23 Model 17 Stepping 0, AuthenticAMD



---------------  S Y S T E M  ---------------

OS: Windows 10 , 64 bit Build 19041 (10.0.19041.1)
OS uptime: 0 days 4:55 hours

CPU:total 4 (initial active 4) (4 cores per cpu, 2 threads per core) family 23 model 17 stepping 0 microcode 0x0, cmov, cx8, fxsr, mmx, sse, sse2, sse3, ssse3, sse4.1, sse4.2, popcnt, avx, avx2, aes, clmul, mmxext, 3dnowpref, lzcnt, sse4a, ht, tsc, tscinvbit, tscinv, bmi1, bmi2, adx, sha, fma

Memory: 4k page, system-wide physical 7734M (440M free)
TotalPageFile size 22539M (AvailPageFile size 1M)
current process WorkingSet (physical memory assigned to process): 271M, peak: 531M
current process commit charge ("private bytes"): 535M, peak: 575M

vm_info: OpenJDK 64-Bit Server VM (11.0.12+7-b1504.28-7817840) for windows-amd64 JRE (11.0.12+7-b1504.28-7817840), built on Oct 13 2021 22:12:33 by "builder" with MS VC++ 14.0 (VS2015)

END.
